#
# There is insufficient memory for the Java Runtime Environment to continue.
# Native memory allocation (mmap) failed to map 67108864 bytes for G1 virtual space
# Possible reasons:
#   The system is out of physical RAM or swap space
#   The process is running with CompressedOops enabled, and the Java Heap may be blocking the growth of the native heap
# Possible solutions:
#   Reduce memory load on the system
#   Increase physical memory or swap space
#   Check if swap backing store is full
#   Decrease Java heap size (-Xmx/-Xms)
#   Decrease number of Java threads
#   Decrease Java thread stack sizes (-Xss)
#   Set larger code cache with -XX:ReservedCodeCacheSize=
#   JVM is running with Unscaled Compressed Oops mode in which the Java heap is
#     placed in the first 4GB address space. The Java Heap base address is the
#     maximum limit for the native heap growth. Please use -XX:HeapBaseMinAddress
#     to set the Java Heap base and to place the Java Heap above 4GB virtual address.
# This output file may be truncated or incomplete.
#
#  Out of Memory Error (os_windows.cpp:3603), pid=6068, tid=4548
#
# JRE version:  (21.0.9+7) (build )
# Java VM: Java HotSpot(TM) 64-Bit Server VM (21.0.9+7-LTS-338, mixed mode, sharing, tiered, compressed oops, compressed class ptrs, g1 gc, windows-amd64)
# No core dump will be written. Minidumps are not enabled by default on client versions of Windows
#

---------------  S U M M A R Y ------------

Command Line: -Dfile.encoding=UTF-8 -Dsun.jnu.encoding=UTF-8 -Xmx64m -Xms64m -Dorg.gradle.appname=gradlew org.gradle.wrapper.GradleWrapperMain app:assembleDebug --no-daemon --stacktrace --max-workers=1

Host: Intel(R) Core(TM) i5-7300U CPU @ 2.60GHz, 4 cores, 7G,  Windows 11 , 64 bit Build 22000 (10.0.22000.2538)
Time: Tue Dec  2 06:57:59 2025 elapsed time: 0.045751 seconds (0d 0h 0m 0s)

---------------  T H R E A D  ---------------

Current thread (0x000001a63f8ced50):  JavaThread "Unknown thread" [_thread_in_vm, id=4548, stack(0x000000669ae00000,0x000000669af00000) (1024K)]

Stack: [0x000000669ae00000,0x000000669af00000]
Native frames: (J=compiled Java code, j=interpreted, Vv=VM code, C=native code)
V  [jvm.dll+0x6cbf89]
V  [jvm.dll+0x858421]
V  [jvm.dll+0x85a94e]
V  [jvm.dll+0x85b023]
V  [jvm.dll+0x27ebc6]
V  [jvm.dll+0x6c8705]
V  [jvm.dll+0x6bd26a]
V  [jvm.dll+0x354a0a]
V  [jvm.dll+0x35c686]
V  [jvm.dll+0x3af79e]
V  [jvm.dll+0x3afa48]
V  [jvm.dll+0x328d1c]
V  [jvm.dll+0x32987b]
V  [jvm.dll+0x821739]
V  [jvm.dll+0x3bc481]
V  [jvm.dll+0x80a9b8]
V  [jvm.dll+0x45166e]
V  [jvm.dll+0x453261]
C  [jli.dll+0x52a3]
C  [ucrtbase.dll+0x26c0c]
C  [KERNEL32.DLL+0x153e0]
C  [ntdll.dll+0x485b]


---------------  P R O C E S S  ---------------

Threads class SMR info:
_java_thread_list=0x00007ffa34c2fc08, length=0, elements={
}

Java Threads: ( => current thread )
Total: 0

Other Threads:
  0x000001a641ad62d0 WorkerThread "GC Thread#0"                     [id=10616, stack(0x000000669af00000,0x000000669b000000) (1024K)]
  0x000001a641ad7ac0 ConcurrentGCThread "G1 Main Marker"            [id=2212, stack(0x000000669b000000,0x000000669b100000) (1024K)]
  0x000001a641ad9b90 WorkerThread "G1 Conc#0"                       [id=12964, stack(0x000000669b100000,0x000000669b200000) (1024K)]

[error occurred during error reporting (printing all threads), id 0xc0000005, EXCEPTION_ACCESS_VIOLATION (0xc0000005) at pc=0x00007ffa3439b4a7]
VM state: not at safepoint (not fully initialized)

VM Mutex/Monitor currently owned by a thread:  ([mutex/lock_event])
[0x00007ffa34ca0ef0] Heap_lock - owner thread: 0x000001a63f8ced50

Heap address: 0x00000000fc000000, size: 64 MB, Compressed Oops mode: 32-bit

CDS archive(s) mapped at: [0x0000000000000000-0x0000000000000000-0x0000000000000000), size 0, SharedBaseAddress: 0x0000000800000000, ArchiveRelocationMode: 1.
Narrow klass base: 0x0000000000000000, Narrow klass shift: 0, Narrow klass range: 0x0

GC Precious Log:
 CardTable entry size: 512
 Card Set container configuration: InlinePtr #cards 5 size 8 Array Of Cards #cards 12 size 40 Howl #buckets 4 coarsen threshold 1843 Howl Bitmap #cards 512 size 80 coarsen threshold 460 Card regions per heap region 1 cards per card region 2048

Heap:
 garbage-first heap   total 0K, used 0K [0x00000000fc000000, 0x0000000100000000)
  region size 1024K, 0 young (0K), 0 survivors (0K)

[error occurred during error reporting (printing heap information), id 0xc0000005, EXCEPTION_ACCESS_VIOLATION (0xc0000005) at pc=0x00007ffa34784ff9]
GC Heap History (0 events):
No events

Dll operation events (1 events):
Event: 0.013 Loaded shared library C:\Program Files\Java\jdk-21\bin\java.dll

Deoptimization events (0 events):
No events

Classes loaded (0 events):
No events

Classes unloaded (0 events):
No events

Classes redefined (0 events):
No events

Internal exceptions (0 events):
No events

ZGC Phase Switch (0 events):
No events

VM Operations (0 events):
No events

Events (0 events):
No events


Dynamic libraries:
0x00007ff728600000 - 0x00007ff728610000 	C:\Program Files\Java\jdk-21\bin\java.exe
0x00007ffa83f60000 - 0x00007ffa84169000 	C:\Windows\SYSTEM32\ntdll.dll
0x00007ffa81eb0000 - 0x00007ffa81f6d000 	C:\Windows\System32\KERNEL32.DLL
0x00007ffa81620000 - 0x00007ffa819a4000 	C:\Windows\System32\KERNELBASE.dll
0x00007ffa81500000 - 0x00007ffa81611000 	C:\Windows\System32\ucrtbase.dll
0x00007ffa7db90000 - 0x00007ffa7dba9000 	C:\Program Files\Java\jdk-21\bin\jli.dll
0x00007ffa83360000 - 0x00007ffa8340e000 	C:\Windows\System32\ADVAPI32.dll
0x00007ffa82580000 - 0x00007ffa82623000 	C:\Windows\System32\msvcrt.dll
0x00007ffa82640000 - 0x00007ffa826de000 	C:\Windows\System32\sechost.dll
0x00007ffa82450000 - 0x00007ffa82571000 	C:\Windows\System32\RPCRT4.dll
0x00007ffa820b0000 - 0x00007ffa8225d000 	C:\Windows\System32\USER32.dll
0x00007ffa81ad0000 - 0x00007ffa81af6000 	C:\Windows\System32\win32u.dll
0x00007ffa82260000 - 0x00007ffa8228a000 	C:\Windows\System32\GDI32.dll
0x00007ffa819b0000 - 0x00007ffa81ace000 	C:\Windows\System32\gdi32full.dll
0x00007ffa81460000 - 0x00007ffa814fd000 	C:\Windows\System32\msvcp_win.dll
0x00007ffa7db70000 - 0x00007ffa7db8b000 	C:\Program Files\Java\jdk-21\bin\VCRUNTIME140.dll
0x00007ffa69e20000 - 0x00007ffa6a0c5000 	C:\Windows\WinSxS\amd64_microsoft.windows.common-controls_6595b64144ccf1df_6.0.22000.120_none_9d947278b86cc467\COMCTL32.dll
0x00007ffa7a230000 - 0x00007ffa7a23a000 	C:\Windows\SYSTEM32\VERSION.dll
0x00007ffa82070000 - 0x00007ffa820a1000 	C:\Windows\System32\IMM32.DLL
0x00007ffa7db40000 - 0x00007ffa7db4c000 	C:\Program Files\Java\jdk-21\bin\vcruntime140_1.dll
0x00007ffa691c0000 - 0x00007ffa6924e000 	C:\Program Files\Java\jdk-21\bin\msvcp140.dll
0x00007ffa34060000 - 0x00007ffa34d7d000 	C:\Program Files\Java\jdk-21\bin\server\jvm.dll
0x00007ffa83890000 - 0x00007ffa838ff000 	C:\Windows\System32\WS2_32.dll
0x00007ffa7fd10000 - 0x00007ffa7fd5d000 	C:\Windows\SYSTEM32\POWRPROF.dll
0x00007ffa7aee0000 - 0x00007ffa7af13000 	C:\Windows\SYSTEM32\WINMM.dll
0x00007ffa7fe00000 - 0x00007ffa7fe13000 	C:\Windows\SYSTEM32\UMPDC.dll
0x00007ffa80510000 - 0x00007ffa80528000 	C:\Windows\SYSTEM32\kernel.appcore.dll
0x00007ffa7db30000 - 0x00007ffa7db3a000 	C:\Program Files\Java\jdk-21\bin\jimage.dll
0x00007ffa6a6f0000 - 0x00007ffa6a911000 	C:\Windows\SYSTEM32\DBGHELP.DLL
0x00007ffa70420000 - 0x00007ffa70451000 	C:\Windows\SYSTEM32\dbgcore.DLL
0x00007ffa81bc0000 - 0x00007ffa81c3f000 	C:\Windows\System32\bcryptPrimitives.dll
0x00007ffa7db10000 - 0x00007ffa7db2f000 	C:\Program Files\Java\jdk-21\bin\java.dll

dbghelp: loaded successfully - version: 4.0.5 - missing functions: none
symbol engine: initialized successfully - sym options: 0x614 - pdb path: .;C:\Program Files\Java\jdk-21\bin;C:\Windows\SYSTEM32;C:\Windows\WinSxS\amd64_microsoft.windows.common-controls_6595b64144ccf1df_6.0.22000.120_none_9d947278b86cc467;C:\Program Files\Java\jdk-21\bin\server

VM Arguments:
jvm_args: -Dfile.encoding=UTF-8 -Dsun.jnu.encoding=UTF-8 -Xmx64m -Xms64m -Dorg.gradle.appname=gradlew 
java_command: org.gradle.wrapper.GradleWrapperMain app:assembleDebug --no-daemon --stacktrace --max-workers=1
java_class_path (initial): C:\Users\Ô\Downloads\school-crm (1)\mobile-teacher\android\\gradle\wrapper\gradle-wrapper.jar
Launcher Type: SUN_STANDARD

[Global flags]
     intx CICompilerCount                          = 3                                         {product} {ergonomic}
     uint ConcGCThreads                            = 1                                         {product} {ergonomic}
     uint G1ConcRefinementThreads                  = 4                                         {product} {ergonomic}
   size_t G1HeapRegionSize                         = 1048576                                   {product} {ergonomic}
    uintx GCDrainStackTargetSize                   = 64                                        {product} {ergonomic}
   size_t InitialHeapSize                          = 67108864                                  {product} {command line}
   size_t MarkStackSize                            = 4194304                                   {product} {ergonomic}
   size_t MaxHeapSize                              = 67108864                                  {product} {command line}
   size_t MinHeapDeltaBytes                        = 1048576                                   {product} {ergonomic}
   size_t MinHeapSize                              = 67108864                                  {product} {command line}
    uintx NonNMethodCodeHeapSize                   = 5832780                                {pd product} {ergonomic}
    uintx NonProfiledCodeHeapSize                  = 122912730                              {pd product} {ergonomic}
    uintx ProfiledCodeHeapSize                     = 122912730                              {pd product} {ergonomic}
    uintx ReservedCodeCacheSize                    = 251658240                              {pd product} {ergonomic}
     bool SegmentedCodeCache                       = true                                      {product} {ergonomic}
   size_t SoftMaxHeapSize                          = 67108864                               {manageable} {ergonomic}
     bool UseCompressedOops                        = true                           {product lp64_product} {ergonomic}
     bool UseG1GC                                  = true                                      {product} {ergonomic}
     bool UseLargePagesIndividualAllocation        = false                                  {pd product} {ergonomic}

Logging:
Log output configuration:
 #0: stdout all=warning uptime,level,tags foldmultilines=false
 #1: stderr all=off uptime,level,tags foldmultilines=false

Environment Variables:
JAVA_HOME=C:\Program Files\Java\jdk-21
JAVA_TOOL_OPTIONS=-Dfile.encoding=UTF-8 -Dsun.jnu.encoding=UTF-8
CLASSPATH=C:\Users\Ô\Downloads\school-crm (1)\mobile-teacher\android\\gradle\wrapper\gradle-wrapper.jar
PATH=c:\\Users\\Ô\\.trae\\sdks\\workspaces\\033bf486\\versions\\node\\current;c:\\Users\\Ô\\.trae\\sdks\\versions\\node\\current;c:\Users\Ô\.trae\sdks\workspaces\033bf486\versions\node\current;c:\Users\Ô\.trae\sdks\versions\node\current;c:\Users\Ô\AppData\Local\Programs\cursor\resources\app\bin;C:\Program Files\Common Files\Oracle\Java\javapath;C:\Program Files\Eclipse Adoptium\jdk-17.0.16.8-hotspot\bin;C:\Python314\Scripts\;C:\Python314\;C:\Program Files\Python310\Scripts\;C:\Program Files\Python310\;C:\python313\Scripts\;C:\python313\;C:\Windows\system32;C:\Windows;C:\Windows\System32\Wbem;C:\Windows\System32\WindowsPowerShell\v1.0\;C:\Windows\System32\OpenSSH\;C:\xampp\php;C:\Program Files\PuTTY\;C:\terraform;C:\Program Files\Amazon\AWSCLIV2\;C:\Program Files (x86)\Google\Cloud SDK\google-cloud-sdk\bin;C:\python313;C:\python313\Scripts;C:\Program Files\Git\cmd;C:\src\flutter\bin;C:\Users\Ô\Downloads\node-v24.11.0-win-x64;C:\ProgramData\chocolatey\bin;C:\Program Files\Docker\Docker\resources\bin;C:\Program Files\PostgreSQL\18\bin;C:\Program Files (x86)\Microsoft Visual Studio\2019\BuildTools\MSBuild\Current\Bin;C:\Program Files\nodejs;C:\Program Files\nodejs\;C:\Users\Ô\AppData\Local\Android\Sdk\platform-tools;C:\Program Files\Java\jdk-21\;c:\Users\Ô\AppData\Local\Programs\Trae\bin;C:\Users\Ô\scoop\shims;C:\Users\Ô\AppData\Local\pnpm;C:\Users\Ô\AppData\Local\Microsoft\WindowsApps;C:\Users\?\AppData\Local\Programs\Microsoft VS Code\bin;C:\Users\?\AppData\Local\Programs\cursor\resources\app\bin;C:\Users\?\AppData\Roaming\npm;C:\src\flutter\bin;C:\src\dart-sdk\bin;C:\Users\Ô\AppData\Roaming\npm;C:\Users\Ô\AppData\Local\Programs\Microsoft VS Code\bin;C:\Users\Ô\AppData\Local\GitHubDesktop\bin;C:\Users\Ô\AppData\Local\Programs\cursor\resources\app\bin
USERNAME=Ô
LANG=en_US.UTF-8
OS=Windows_NT
PROCESSOR_IDENTIFIER=Intel64 Family 6 Model 142 Stepping 9, GenuineIntel
TMP=C:\Users\48FB~1\AppData\Local\Temp
TEMP=C:\Users\48FB~1\AppData\Local\Temp




Periodic native trim disabled

---------------  S Y S T E M  ---------------

OS:
 Windows 11 , 64 bit Build 22000 (10.0.22000.2538)
OS uptime: 0 days 1:36 hours
Hyper-V role detected

CPU: total 4 (initial active 4) (2 cores per cpu, 2 threads per core) family 6 model 142 stepping 9 microcode 0xde, cx8, cmov, fxsr, ht, mmx, 3dnowpref, sse, sse2, sse3, ssse3, sse4.1, sse4.2, popcnt, lzcnt, tsc, tscinvbit, avx, avx2, aes, erms, clmul, bmi1, bmi2, rtm, adx, fma, vzeroupper, clflush, clflushopt, hv, rdtscp, f16c
Processor Information for all 4 processors :
  Max Mhz: 2712, Current Mhz: 2611, Mhz Limit: 2603

Memory: 4k page, system-wide physical 7994M (722M free)
TotalPageFile size 10042M (AvailPageFile size 2M)
current process WorkingSet (physical memory assigned to process): 10M, peak: 10M
current process commit charge ("private bytes"): 51M, peak: 115M

vm_info: Java HotSpot(TM) 64-Bit Server VM (21.0.9+7-LTS-338) for windows-amd64 JRE (21.0.9+7-LTS-338), built on 2025-09-26T06:33:49Z by "mach5run" with MS VC++ 17.6 (VS2022)

END.
