#
# A fatal error has been detected by the Java Runtime Environment:
#
#  EXCEPTION_ACCESS_VIOLATION (0xc0000005) at pc=0x00007ffa7db31b85, pid=12224, tid=3656
#
# JRE version:  (21.0.9+7) (build )
# Java VM: Java HotSpot(TM) 64-Bit Server VM (21.0.9+7-LTS-338, mixed mode, sharing, tiered, compressed class ptrs, unknown gc, windows-amd64)
# Problematic frame:
# C  [jimage.dll+0x1b85]
#
# No core dump will be written. Minidumps are not enabled by default on client versions of Windows
#
#

---------------  S U M M A R Y ------------

Command Line: 

Host: Intel(R) Core(TM) i5-7300U CPU @ 2.60GHz, 4 cores, 7G,  Windows 11 , 64 bit Build 22000 (10.0.22000.2538)
Time: Tue Dec  2 06:49:22 2025 elapsed time: 0.019295 seconds (0d 0h 0m 0s)

---------------  T H R E A D  ---------------

Current thread is native thread

Stack: [0x000000cb9dd00000,0x000000cb9de00000],  sp=0x000000cb9ddfdfe0,  free space=1015k
Native frames: (J=compiled Java code, j=interpreted, Vv=VM code, C=native code)
C  [jimage.dll+0x1b85]
C  [jimage.dll+0x1d13]
C  [jimage.dll+0x25dd]
V  [jvm.dll+0x21db62]
V  [jvm.dll+0xc9427]
V  [jvm.dll+0x80a7ec]
V  [jvm.dll+0x45166e]
V  [jvm.dll+0x453261]
C  [jli.dll+0x52a3]
C  [ucrtbase.dll+0x26c0c]
C  [KERNEL32.DLL+0x153e0]
C  [ntdll.dll+0x485b]


siginfo: EXCEPTION_ACCESS_VIOLATION (0xc0000005), reading address 0x00000000000171a4


Registers:
RAX=0x0000000000005c62, RBX=0x000000cb9ddfe0d1, RCX=0x00007ffa7db36000, RDX=0x0000000000005c62
RSP=0x000000cb9ddfdfe0, RBP=0x000000cb9ddfe0d0, RSI=0x000000000000773d, RDI=0x000000cb9ddfe0d0
R8 =0x00007ffa7db34298, R9 =0x000000000000001c, R10=0x00007ffa7db70000, R11=0x00007ffa7db36000
R12=0x0000000000000000, R13=0x000000cb9ddffb40, R14=0x000000cb9ddff140, R15=0x00007ffa34a16ad8
RIP=0x00007ffa7db31b85, EFLAGS=0x0000000000010246


Top of Stack: (sp=0x000000cb9ddfdfe0)
0x000000cb9ddfdfe0:   0000000000000000 0000000000000000
0x000000cb9ddfdff0:   0000000000000000 0000000000000000
0x000000cb9ddfe000:   000001cc64306380 00007ffa7db31d13
0x000000cb9ddfe010:   000000000000000b 000001cc64306380
0x000000cb9ddfe020:   0000000000000000 0000000000000000
0x000000cb9ddfe030:   0000000000000000 0000000000000000
0x000000cb9ddfe040:   0000000000000000 0000000000000000
0x000000cb9ddfe050:   0000000000000000 0000000000000000
0x000000cb9ddfe060:   0000000000000000 0000000000000000
0x000000cb9ddfe070:   0000aa13f07dbe6e 0000000000000000
0x000000cb9ddfe080:   00007ffa349f4340 0000000000000017
0x000000cb9ddfe090:   000001cc64306380 000000cb9ddff140
0x000000cb9ddfe0a0:   000000000000000b 00007ffa7db325dd
0x000000cb9ddfe0b0:   0000000000000000 0000000000000000
0x000000cb9ddfe0c0:   0000000000000000 0000000000000000
0x000000cb9ddfe0d0:   61622e6176616a2f 692f6b646a2f6573
0x000000cb9ddfe0e0:   2f6c616e7265746e 6f6974706f2f6d76
0x000000cb9ddfe0f0:   000000000000736e 0000000000000000
0x000000cb9ddfe100:   0000000000000000 0000000000000000
0x000000cb9ddfe110:   0000000000000000 0000000000000000
0x000000cb9ddfe120:   0000000000000000 0000000000000000
0x000000cb9ddfe130:   0000000000000000 0000000000000000
0x000000cb9ddfe140:   0000000000000000 0000000000000000
0x000000cb9ddfe150:   0000000000000000 0000000000000000
0x000000cb9ddfe160:   0000000000000000 0000000000000000
0x000000cb9ddfe170:   0000000000000000 0000000000000000
0x000000cb9ddfe180:   0000000000000000 0000000000000000
0x000000cb9ddfe190:   0000000000000000 0000000000000000
0x000000cb9ddfe1a0:   0000000000000000 0000000000000000
0x000000cb9ddfe1b0:   0000000000000000 0000000000000000
0x000000cb9ddfe1c0:   0000000000000000 0000000000000000
0x000000cb9ddfe1d0:   0000000000000000 0000000040000242 

Instructions: (pc=0x00007ffa7db31b85)
0x00007ffa7db31a85:   48 85 c9 74 1d 80 3d 7f 45 00 00 00 74 06 48 8b
0x00007ffa7db31a95:   53 18 eb 04 48 8b 53 40 e8 9a 0e 00 00 48 83 63
0x00007ffa7db31aa5:   48 00 8b 4b 0c 83 f9 ff 74 09 e8 d0 0c 00 00 83
0x00007ffa7db31ab5:   4b 0c ff 48 8b 4b 70 48 85 c9 74 0f ba 10 00 00
0x00007ffa7db31ac5:   00 e8 f1 0e 00 00 48 83 63 70 00 48 83 c4 20 5b
0x00007ffa7db31ad5:   c3 cc cc 40 53 48 83 ec 20 48 8b d9 48 8d 0d 38
0x00007ffa7db31ae5:   47 00 00 e8 9f 0c 00 00 83 6b 08 01 75 24 48 8b
0x00007ffa7db31af5:   d3 48 8d 0d 1b 45 00 00 e8 22 08 00 00 48 8b cb
0x00007ffa7db31b05:   e8 d6 fe ff ff ba 78 00 00 00 48 8b cb e8 a5 0e
0x00007ffa7db31b15:   00 00 48 8d 0d 02 47 00 00 48 83 c4 20 5b e9 6c
0x00007ffa7db31b25:   0c 00 00 48 89 5c 24 08 48 89 74 24 10 57 48 83
0x00007ffa7db31b35:   ec 20 41 8b f1 4d 8b c8 48 8b fa 4c 8b d9 4d 85
0x00007ffa7db31b45:   c0 74 78 85 f6 74 74 44 8a 12 48 8d 5a 01 48 8b
0x00007ffa7db31b55:   d3 b8 93 01 00 01 eb 12 69 c0 93 01 00 01 41 0f
0x00007ffa7db31b65:   b6 ca 44 8a 12 33 c1 48 ff c2 45 84 d2 75 e9 4d
0x00007ffa7db31b75:   8b 03 0f ba f0 1f 33 d2 49 8b cb f7 f6 48 63 c2
0x00007ffa7db31b85:   41 8b 14 81 41 ff 50 08 85 c0 7e 24 8a 0f eb 10
0x00007ffa7db31b95:   69 c0 93 01 00 01 0f b6 c9 33 c1 8a 0b 48 ff c3
0x00007ffa7db31ba5:   84 c9 75 ec 0f ba f0 1f 33 d2 f7 f6 8b c2 eb 0e
0x00007ffa7db31bb5:   79 09 83 c9 ff 2b c8 8b c1 eb 03 83 c8 ff 48 8b
0x00007ffa7db31bc5:   5c 24 30 48 8b 74 24 38 48 83 c4 20 5f c3 cc 48
0x00007ffa7db31bd5:   89 5c 24 08 48 89 74 24 10 57 48 83 ec 20 48 8b
0x00007ffa7db31be5:   f1 48 8d 0d 33 46 00 00 e8 9a 0b 00 00 33 ff 39
0x00007ffa7db31bf5:   3d 1e 44 00 00 76 24 48 8b 05 1d 44 00 00 48 8b
0x00007ffa7db31c05:   d6 48 8b 1c f8 48 8b 0b e8 68 1e 00 00 85 c0 74
0x00007ffa7db31c15:   2b ff c7 3b 3d fa 43 00 00 72 dc 33 db 48 8d 0d
0x00007ffa7db31c25:   f7 45 00 00 e8 66 0b 00 00 48 8b 74 24 38 48 8b
0x00007ffa7db31c35:   c3 48 8b 5c 24 30 48 83 c4 20 5f c3 ff 43 08 eb
0x00007ffa7db31c45:   dc cc cc 48 89 5c 24 08 48 89 74 24 10 57 48 83
0x00007ffa7db31c55:   ec 20 48 8b d9 48 8b f2 48 8b 49 10 49 8b f8 8b
0x00007ffa7db31c65:   53 30 48 8b 01 ff 50 20 4c 8b 43 50 48 8b d6 48
0x00007ffa7db31c75:   8b 4b 10 44 8b c8 e8 a8 fe ff ff 83 f8 ff 74 38 



---------------  P R O C E S S  ---------------

VM state: not at safepoint (not fully initialized)

VM Mutex/Monitor currently owned by a thread: None

CDS archive(s) mapped at: [0x0000000000000000-0x0000000000000000-0x0000000000000000), size 0, SharedBaseAddress: 0x0000000800000000, ArchiveRelocationMode: 1.
Narrow klass base: 0x0000000000000000, Narrow klass shift: 0, Narrow klass range: 0x0

GC Precious Log:
<Not initialized>


Dynamic libraries:
0x00007ff728600000 - 0x00007ff728610000 	C:\Program Files\Java\jdk-21\bin\java.exe
0x00007ffa83f60000 - 0x00007ffa84169000 	C:\Windows\SYSTEM32\ntdll.dll
0x00007ffa81eb0000 - 0x00007ffa81f6d000 	C:\Windows\System32\KERNEL32.DLL
0x00007ffa81620000 - 0x00007ffa819a4000 	C:\Windows\System32\KERNELBASE.dll
0x00007ffa81500000 - 0x00007ffa81611000 	C:\Windows\System32\ucrtbase.dll
0x00007ffa7db90000 - 0x00007ffa7dba9000 	C:\Program Files\Java\jdk-21\bin\jli.dll
0x00007ffa83360000 - 0x00007ffa8340e000 	C:\Windows\System32\ADVAPI32.dll
0x00007ffa82580000 - 0x00007ffa82623000 	C:\Windows\System32\msvcrt.dll
0x00007ffa82640000 - 0x00007ffa826de000 	C:\Windows\System32\sechost.dll
0x00007ffa82450000 - 0x00007ffa82571000 	C:\Windows\System32\RPCRT4.dll
0x00007ffa820b0000 - 0x00007ffa8225d000 	C:\Windows\System32\USER32.dll
0x00007ffa81ad0000 - 0x00007ffa81af6000 	C:\Windows\System32\win32u.dll
0x00007ffa82260000 - 0x00007ffa8228a000 	C:\Windows\System32\GDI32.dll
0x00007ffa819b0000 - 0x00007ffa81ace000 	C:\Windows\System32\gdi32full.dll
0x00007ffa81460000 - 0x00007ffa814fd000 	C:\Windows\System32\msvcp_win.dll
0x00007ffa7db70000 - 0x00007ffa7db8b000 	C:\Program Files\Java\jdk-21\bin\VCRUNTIME140.dll
0x00007ffa69e20000 - 0x00007ffa6a0c5000 	C:\Windows\WinSxS\amd64_microsoft.windows.common-controls_6595b64144ccf1df_6.0.22000.120_none_9d947278b86cc467\COMCTL32.dll
0x00007ffa7a230000 - 0x00007ffa7a23a000 	C:\Windows\SYSTEM32\VERSION.dll
0x00007ffa82070000 - 0x00007ffa820a1000 	C:\Windows\System32\IMM32.DLL
0x00007ffa7db40000 - 0x00007ffa7db4c000 	C:\Program Files\Java\jdk-21\bin\vcruntime140_1.dll
0x00007ffa6f3e0000 - 0x00007ffa6f46e000 	C:\Program Files\Java\jdk-21\bin\msvcp140.dll
0x00007ffa34060000 - 0x00007ffa34d7d000 	C:\Program Files\Java\jdk-21\bin\server\jvm.dll
0x00007ffa83890000 - 0x00007ffa838ff000 	C:\Windows\System32\WS2_32.dll
0x00007ffa7fd10000 - 0x00007ffa7fd5d000 	C:\Windows\SYSTEM32\POWRPROF.dll
0x00007ffa7aee0000 - 0x00007ffa7af13000 	C:\Windows\SYSTEM32\WINMM.dll
0x00007ffa7fe00000 - 0x00007ffa7fe13000 	C:\Windows\SYSTEM32\UMPDC.dll
0x00007ffa80510000 - 0x00007ffa80528000 	C:\Windows\SYSTEM32\kernel.appcore.dll
0x00007ffa7db30000 - 0x00007ffa7db3a000 	C:\Program Files\Java\jdk-21\bin\jimage.dll
0x00007ffa6a6f0000 - 0x00007ffa6a911000 	C:\Windows\SYSTEM32\DBGHELP.DLL
0x00007ffa70420000 - 0x00007ffa70451000 	C:\Windows\SYSTEM32\dbgcore.DLL
0x00007ffa81bc0000 - 0x00007ffa81c3f000 	C:\Windows\System32\bcryptPrimitives.dll

dbghelp: loaded successfully - version: 4.0.5 - missing functions: none
symbol engine: initialized successfully - sym options: 0x614 - pdb path: .;C:\Program Files\Java\jdk-21\bin;C:\Windows\SYSTEM32;C:\Windows\WinSxS\amd64_microsoft.windows.common-controls_6595b64144ccf1df_6.0.22000.120_none_9d947278b86cc467;C:\Program Files\Java\jdk-21\bin\server

VM Arguments:
java_command: <unknown>
java_class_path (initial): <not set>
Launcher Type: SUN_STANDARD

[Global flags]
     bool UseLargePagesIndividualAllocation        = false                                  {pd product} {ergonomic}

Logging:
Log output configuration:
 #0: stdout all=warning uptime,level,tags foldmultilines=false
 #1: stderr all=off uptime,level,tags foldmultilines=false

Environment Variables:
JAVA_HOME=C:\Program Files\Java\jdk-21
CLASSPATH=C:\Users\Ô\Downloads\school-crm (1)\mobile-teacher\android\\gradle\wrapper\gradle-wrapper.jar
PATH=c:\\Users\\Ô\\.trae\\sdks\\workspaces\\033bf486\\versions\\node\\current;c:\\Users\\Ô\\.trae\\sdks\\versions\\node\\current;c:\Users\Ô\.trae\sdks\workspaces\033bf486\versions\node\current;c:\Users\Ô\.trae\sdks\versions\node\current;c:\Users\Ô\AppData\Local\Programs\cursor\resources\app\bin;C:\Program Files\Common Files\Oracle\Java\javapath;C:\Program Files\Eclipse Adoptium\jdk-17.0.16.8-hotspot\bin;C:\Python314\Scripts\;C:\Python314\;C:\Program Files\Python310\Scripts\;C:\Program Files\Python310\;C:\python313\Scripts\;C:\python313\;C:\Windows\system32;C:\Windows;C:\Windows\System32\Wbem;C:\Windows\System32\WindowsPowerShell\v1.0\;C:\Windows\System32\OpenSSH\;C:\xampp\php;C:\Program Files\PuTTY\;C:\terraform;C:\Program Files\Amazon\AWSCLIV2\;C:\Program Files (x86)\Google\Cloud SDK\google-cloud-sdk\bin;C:\python313;C:\python313\Scripts;C:\Program Files\Git\cmd;C:\src\flutter\bin;C:\Users\Ô\Downloads\node-v24.11.0-win-x64;C:\ProgramData\chocolatey\bin;C:\Program Files\Docker\Docker\resources\bin;C:\Program Files\PostgreSQL\18\bin;C:\Program Files (x86)\Microsoft Visual Studio\2019\BuildTools\MSBuild\Current\Bin;C:\Program Files\nodejs;C:\Program Files\nodejs\;C:\Users\Ô\AppData\Local\Android\Sdk\platform-tools;C:\Program Files\Java\jdk-21\;c:\Users\Ô\AppData\Local\Programs\Trae\bin;C:\Users\Ô\scoop\shims;C:\Users\Ô\AppData\Local\pnpm;C:\Users\Ô\AppData\Local\Microsoft\WindowsApps;C:\Users\?\AppData\Local\Programs\Microsoft VS Code\bin;C:\Users\?\AppData\Local\Programs\cursor\resources\app\bin;C:\Users\?\AppData\Roaming\npm;C:\src\flutter\bin;C:\src\dart-sdk\bin;C:\Users\Ô\AppData\Roaming\npm;C:\Users\Ô\AppData\Local\Programs\Microsoft VS Code\bin;C:\Users\Ô\AppData\Local\GitHubDesktop\bin;C:\Users\Ô\AppData\Local\Programs\cursor\resources\app\bin
USERNAME=Ô
LANG=en_US.UTF-8
OS=Windows_NT
PROCESSOR_IDENTIFIER=Intel64 Family 6 Model 142 Stepping 9, GenuineIntel
TMP=C:\Users\48FB~1\AppData\Local\Temp
TEMP=C:\Users\48FB~1\AppData\Local\Temp




Periodic native trim disabled

---------------  S Y S T E M  ---------------

OS:
 Windows 11 , 64 bit Build 22000 (10.0.22000.2538)
OS uptime: 0 days 1:27 hours

CPU: total 4 (initial active 0) 
Processor Information for all 4 processors :
  Max Mhz: 2712, Current Mhz: 2611, Mhz Limit: 2603

Memory: 4k page, system-wide physical 7994M (1106M free)
TotalPageFile size 10042M (AvailPageFile size 4M)
current process WorkingSet (physical memory assigned to process): 8M, peak: 8M
current process commit charge ("private bytes"): 3M, peak: 3M

vm_info: Java HotSpot(TM) 64-Bit Server VM (21.0.9+7-LTS-338) for windows-amd64 JRE (21.0.9+7-LTS-338), built on 2025-09-26T06:33:49Z by "mach5run" with MS VC++ 17.6 (VS2022)

END.
