#
# There is insufficient memory for the Java Runtime Environment to continue.
# Native memory allocation (malloc) failed to allocate 65552 bytes for Chunk::new
# Possible reasons:
#   The system is out of physical RAM or swap space
#   The process is running with CompressedOops enabled, and the Java Heap may be blocking the growth of the native heap
# Possible solutions:
#   Reduce memory load on the system
#   Increase physical memory or swap space
#   Check if swap backing store is full
#   Decrease Java heap size (-Xmx/-Xms)
#   Decrease number of Java threads
#   Decrease Java thread stack sizes (-Xss)
#   Set larger code cache with -XX:ReservedCodeCacheSize=
#   JVM is running with Unscaled Compressed Oops mode in which the Java heap is
#     placed in the first 4GB address space. The Java Heap base address is the
#     maximum limit for the native heap growth. Please use -XX:HeapBaseMinAddress
#     to set the Java Heap base and to place the Java Heap above 4GB virtual address.
# This output file may be truncated or incomplete.
#
#  Out of Memory Error (arena.cpp:168), pid=6760, tid=10036
#
# JRE version: Java(TM) SE Runtime Environment (21.0.9+7) (build 21.0.9+7-LTS-338)
# Java VM: Java HotSpot(TM) 64-Bit Server VM (21.0.9+7-LTS-338, mixed mode, sharing, tiered, compressed oops, compressed class ptrs, g1 gc, windows-amd64)
# No core dump will be written. Minidumps are not enabled by default on client versions of Windows
#

---------------  S U M M A R Y ------------

Command Line: -XX:MaxMetaspaceSize=512m --add-opens=java.base/java.util=ALL-UNNAMED --add-opens=java.base/java.lang=ALL-UNNAMED --add-opens=java.base/java.lang.invoke=ALL-UNNAMED --add-opens=java.prefs/java.util.prefs=ALL-UNNAMED --add-opens=java.base/java.nio.charset=ALL-UNNAMED --add-opens=java.base/java.net=ALL-UNNAMED --add-opens=java.base/java.util.concurrent.atomic=ALL-UNNAMED -Xmx1536m -Dfile.encoding=UTF-8 -Duser.country=YE -Duser.language=ar -Duser.variant -javaagent:C:\GradleCache\wrapper\dists\gradle-8.8-all\6gdy1pgp427xkqcjbxw3ylt6h\gradle-8.8\lib\agents\gradle-instrumentation-agent-8.8.jar org.gradle.launcher.daemon.bootstrap.GradleDaemon 8.8

Host: Intel(R) Core(TM) i5-7300U CPU @ 2.60GHz, 4 cores, 7G,  Windows 11 , 64 bit Build 22000 (10.0.22000.2538)
Time: Tue Dec  2 06:57:59 2025 elapsed time: 18.213694 seconds (0d 0h 0m 18s)

---------------  T H R E A D  ---------------

Current thread (0x000001903f260850):  JavaThread "C2 CompilerThread1" daemon [_thread_in_native, id=10036, stack(0x0000005954600000,0x0000005954700000) (1024K)]


Current CompileTask:
C2:  18213 10295       4       org.gradle.internal.logging.text.AbstractLineChoppingStyledTextOutput::doAppend (43 bytes)

Stack: [0x0000005954600000,0x0000005954700000]
Native frames: (J=compiled Java code, j=interpreted, Vv=VM code, C=native code)
V  [jvm.dll+0x6cbf89]
V  [jvm.dll+0x858421]
V  [jvm.dll+0x85a94e]
V  [jvm.dll+0x85b023]
V  [jvm.dll+0x27ebc6]
V  [jvm.dll+0xc4f4d]
V  [jvm.dll+0xc5483]
V  [jvm.dll+0xc5075]
V  [jvm.dll+0x6a8efc]
V  [jvm.dll+0x24ed89]
V  [jvm.dll+0x6f1607]
V  [jvm.dll+0x24693f]
V  [jvm.dll+0x1c7a3e]
V  [jvm.dll+0x256329]
V  [jvm.dll+0x2548ba]
V  [jvm.dll+0x3efdee]
V  [jvm.dll+0x80265b]
V  [jvm.dll+0x6ca66d]
C  [ucrtbase.dll+0x26c0c]
C  [KERNEL32.DLL+0x153e0]
C  [ntdll.dll+0x485b]


---------------  P R O C E S S  ---------------

Threads class SMR info:
_java_thread_list=0x000001904395ebe0, length=82, elements={
0x0000019002449380, 0x000001901fccad60, 0x000001901fccba80, 0x000001901fccf740,
0x000001901fcd01a0, 0x000001901fcd37b0, 0x000001901fcd5870, 0x000001901fcd9fe0,
0x000001901fcdb350, 0x000001903f246b00, 0x000001903f216460, 0x0000019040a041f0,
0x0000019040b5c050, 0x000001903fcefd70, 0x000001903fea5930, 0x0000019040b856a0,
0x0000019040c2d6e0, 0x0000019040935a80, 0x0000019040c27a10, 0x0000019040c25940,
0x0000019040c27380, 0x0000019040c25fd0, 0x0000019040c26660, 0x0000019040c24590,
0x0000019042e35950, 0x0000019042e36d00, 0x0000019042e345a0, 0x0000019042e35fe0,
0x0000019042e36670, 0x0000019042e37a20, 0x0000019042e352c0, 0x0000019042e38dd0,
0x0000019042e3aea0, 0x0000019042e37390, 0x0000019042e34c30, 0x000001904111d8f0,
0x000001904111f9c0, 0x000001904111eca0, 0x000001904111df80, 0x0000019041120d70,
0x00000190411234d0, 0x000001904111f330, 0x0000019041121a90, 0x000001904111cbd0,
0x00000190411206e0, 0x000001904111d260, 0x0000019041120050, 0x00000190411227b0,
0x000001903f425960, 0x000001903f423200, 0x000001903f423890, 0x000001903f423f20,
0x000001903f420410, 0x000001903f422b70, 0x000001903f421130, 0x000001903f4217c0,
0x000001903f421e50, 0x000001903f420aa0, 0x000001903f4224e0, 0x000001903f4252d0,
0x00000190417a1b80, 0x00000190417a0e60, 0x00000190417a28a0, 0x000001904179ed90,
0x000001904179d350, 0x000001904179d9e0, 0x000001904179e070, 0x000001904179e700,
0x000001904179f420, 0x000001904179fab0, 0x00000190417a0140, 0x00000190417a07d0,
0x000001904488ec40, 0x000001904488aaa0, 0x000001904488be50, 0x000001904488fff0,
0x000001904488f2d0, 0x000001904488c4e0, 0x000001904488a410, 0x000001904488f960,
0x000001904488d890, 0x000001903f260850
}

Java Threads: ( => current thread )
  0x0000019002449380 JavaThread "main"                              [_thread_blocked, id=10336, stack(0x0000005953400000,0x0000005953500000) (1024K)]
  0x000001901fccad60 JavaThread "Reference Handler"          daemon [_thread_blocked, id=6708, stack(0x0000005953c00000,0x0000005953d00000) (1024K)]
  0x000001901fccba80 JavaThread "Finalizer"                  daemon [_thread_blocked, id=9056, stack(0x0000005953d00000,0x0000005953e00000) (1024K)]
  0x000001901fccf740 JavaThread "Signal Dispatcher"          daemon [_thread_blocked, id=7344, stack(0x0000005953e00000,0x0000005953f00000) (1024K)]
  0x000001901fcd01a0 JavaThread "Attach Listener"            daemon [_thread_blocked, id=9992, stack(0x0000005953f00000,0x0000005954000000) (1024K)]
  0x000001901fcd37b0 JavaThread "Service Thread"             daemon [_thread_blocked, id=12576, stack(0x0000005954000000,0x0000005954100000) (1024K)]
  0x000001901fcd5870 JavaThread "Monitor Deflation Thread"   daemon [_thread_blocked, id=2700, stack(0x0000005954100000,0x0000005954200000) (1024K)]
  0x000001901fcd9fe0 JavaThread "C2 CompilerThread0"         daemon [_thread_blocked, id=3880, stack(0x0000005954200000,0x0000005954300000) (1024K)]
  0x000001901fcdb350 JavaThread "C1 CompilerThread0"         daemon [_thread_blocked, id=12700, stack(0x0000005954300000,0x0000005954400000) (1024K)]
  0x000001903f246b00 JavaThread "Common-Cleaner"             daemon [_thread_blocked, id=8512, stack(0x0000005954400000,0x0000005954500000) (1024K)]
  0x000001903f216460 JavaThread "Notification Thread"        daemon [_thread_blocked, id=3076, stack(0x0000005954500000,0x0000005954600000) (1024K)]
  0x0000019040a041f0 JavaThread "Daemon health stats"               [_thread_blocked, id=7148, stack(0x0000005954a00000,0x0000005954b00000) (1024K)]
  0x0000019040b5c050 JavaThread "Incoming local TCP Connector on port 53048"        [_thread_in_native, id=5148, stack(0x0000005954b00000,0x0000005954c00000) (1024K)]
  0x000001903fcefd70 JavaThread "Daemon periodic checks"            [_thread_blocked, id=10540, stack(0x0000005954c00000,0x0000005954d00000) (1024K)]
  0x000001903fea5930 JavaThread "Daemon"                            [_thread_blocked, id=13292, stack(0x0000005954d00000,0x0000005954e00000) (1024K)]
  0x0000019040b856a0 JavaThread "Handler for socket connection from /127.0.0.1:53048 to /127.0.0.1:53049"        [_thread_in_native, id=3912, stack(0x0000005954e00000,0x0000005954f00000) (1024K)]
  0x0000019040c2d6e0 JavaThread "Cancel handler"                    [_thread_blocked, id=4284, stack(0x0000005954f00000,0x0000005955000000) (1024K)]
  0x0000019040935a80 JavaThread "Daemon worker"                     [_thread_blocked, id=460, stack(0x0000005955000000,0x0000005955100000) (1024K)]
  0x0000019040c27a10 JavaThread "Asynchronous log dispatcher for DefaultDaemonConnection: socket connection from /127.0.0.1:53048 to /127.0.0.1:53049"        [_thread_blocked, id=10248, stack(0x0000005955100000,0x0000005955200000) (1024K)]
  0x0000019040c25940 JavaThread "Stdin handler"                     [_thread_blocked, id=12656, stack(0x0000005955200000,0x0000005955300000) (1024K)]
  0x0000019040c27380 JavaThread "Daemon client event forwarder"        [_thread_blocked, id=11064, stack(0x0000005955300000,0x0000005955400000) (1024K)]
  0x0000019040c25fd0 JavaThread "Cache worker for journal cache (C:\GradleCache\caches\journal-1)"        [_thread_blocked, id=11740, stack(0x0000005955400000,0x0000005955500000) (1024K)]
  0x0000019040c26660 JavaThread "File lock request listener"        [_thread_in_native, id=12708, stack(0x0000005955500000,0x0000005955600000) (1024K)]
  0x0000019040c24590 JavaThread "Cache worker for file hash cache (C:\GradleCache\caches\8.8\fileHashes)"        [_thread_blocked, id=2780, stack(0x0000005955600000,0x0000005955700000) (1024K)]
  0x0000019042e35950 JavaThread "Cache worker for file hash cache (C:\Users\ش\Downloads\school-crm (1)\mobile-teacher\android\.gradle\8.8\fileHashes)"        [_thread_blocked, id=2336, stack(0x0000005955700000,0x0000005955800000) (1024K)]
  0x0000019042e36d00 JavaThread "File watcher server"        daemon [_thread_in_native, id=12152, stack(0x0000005955800000,0x0000005955900000) (1024K)]
  0x0000019042e345a0 JavaThread "File watcher consumer"      daemon [_thread_blocked, id=3796, stack(0x0000005955900000,0x0000005955a00000) (1024K)]
  0x0000019042e35fe0 JavaThread "Cache worker for checksums cache (C:\Users\ش\Downloads\school-crm (1)\mobile-teacher\android\.gradle\8.8\checksums)"        [_thread_blocked, id=12400, stack(0x0000005955a00000,0x0000005955b00000) (1024K)]
  0x0000019042e36670 JavaThread "Cache worker for file content cache (C:\GradleCache\caches\8.8\fileContent)"        [_thread_blocked, id=11952, stack(0x0000005955b00000,0x0000005955c00000) (1024K)]
  0x0000019042e37a20 JavaThread "Cache worker for cache directory md-rule (C:\GradleCache\caches\8.8\md-rule)"        [_thread_blocked, id=820, stack(0x0000005955c00000,0x0000005955d00000) (1024K)]
  0x0000019042e352c0 JavaThread "Cache worker for cache directory md-supplier (C:\GradleCache\caches\8.8\md-supplier)"        [_thread_blocked, id=11356, stack(0x0000005955d00000,0x0000005955e00000) (1024K)]
  0x0000019042e38dd0 JavaThread "jar transforms"                    [_thread_blocked, id=11556, stack(0x0000005955e00000,0x0000005955f00000) (1024K)]
  0x0000019042e3aea0 JavaThread "Exec process"                      [_thread_blocked, id=9792, stack(0x0000005955f00000,0x0000005956000000) (1024K)]
  0x0000019042e37390 JavaThread "Exec process Thread 2"             [_thread_blocked, id=7204, stack(0x0000005956000000,0x0000005956100000) (1024K)]
  0x0000019042e34c30 JavaThread "Exec process Thread 3"             [_thread_blocked, id=3976, stack(0x0000005956100000,0x0000005956200000) (1024K)]
  0x000001904111d8f0 JavaThread "Unconstrained build operations"        [_thread_blocked, id=2588, stack(0x0000005956200000,0x0000005956300000) (1024K)]
  0x000001904111f9c0 JavaThread "Unconstrained build operations Thread 2"        [_thread_blocked, id=3752, stack(0x0000005956300000,0x0000005956400000) (1024K)]
  0x000001904111eca0 JavaThread "Unconstrained build operations Thread 3"        [_thread_blocked, id=9520, stack(0x0000005956400000,0x0000005956500000) (1024K)]
  0x000001904111df80 JavaThread "Unconstrained build operations Thread 4"        [_thread_blocked, id=2852, stack(0x0000005956500000,0x0000005956600000) (1024K)]
  0x0000019041120d70 JavaThread "Unconstrained build operations Thread 5"        [_thread_blocked, id=6904, stack(0x0000005956600000,0x0000005956700000) (1024K)]
  0x00000190411234d0 JavaThread "Unconstrained build operations Thread 6"        [_thread_blocked, id=7884, stack(0x0000005956700000,0x0000005956800000) (1024K)]
  0x000001904111f330 JavaThread "Cache worker for Build Output Cleanup Cache (C:\Users\ش\Downloads\school-crm (1)\mobile-teacher\node_modules\@react-native\gradle-plugin\.gradle\buildOutputCleanup)"        [_thread_blocked, id=6900, stack(0x0000005956800000,0x0000005956900000) (1024K)]
  0x0000019041121a90 JavaThread "Unconstrained build operations Thread 7"        [_thread_blocked, id=1060, stack(0x0000005956900000,0x0000005956a00000) (1024K)]
  0x000001904111cbd0 JavaThread "Unconstrained build operations Thread 8"        [_thread_blocked, id=9804, stack(0x0000005956a00000,0x0000005956b00000) (1024K)]
  0x00000190411206e0 JavaThread "Unconstrained build operations Thread 9"        [_thread_blocked, id=10504, stack(0x0000005956b00000,0x0000005956c00000) (1024K)]
  0x000001904111d260 JavaThread "Unconstrained build operations Thread 10"        [_thread_blocked, id=2328, stack(0x0000005956c00000,0x0000005956d00000) (1024K)]
  0x0000019041120050 JavaThread "Unconstrained build operations Thread 11"        [_thread_blocked, id=3620, stack(0x0000005956d00000,0x0000005956e00000) (1024K)]
  0x00000190411227b0 JavaThread "Unconstrained build operations Thread 12"        [_thread_blocked, id=4820, stack(0x0000005956e00000,0x0000005956f00000) (1024K)]
  0x000001903f425960 JavaThread "Unconstrained build operations Thread 13"        [_thread_blocked, id=480, stack(0x0000005956f00000,0x0000005957000000) (1024K)]
  0x000001903f423200 JavaThread "Unconstrained build operations Thread 14"        [_thread_blocked, id=8128, stack(0x0000005957000000,0x0000005957100000) (1024K)]
  0x000001903f423890 JavaThread "Unconstrained build operations Thread 15"        [_thread_blocked, id=9428, stack(0x0000005957100000,0x0000005957200000) (1024K)]
  0x000001903f423f20 JavaThread "build event listener"              [_thread_blocked, id=4300, stack(0x0000005957200000,0x0000005957300000) (1024K)]
  0x000001903f420410 JavaThread "Memory manager"                    [_thread_blocked, id=12224, stack(0x0000005957300000,0x0000005957400000) (1024K)]
  0x000001903f422b70 JavaThread "Cache worker for Build Output Cleanup Cache (C:\Users\ش\Downloads\school-crm (1)\mobile-teacher\android\react-settings-plugin\.gradle\buildOutputCleanup)"        [_thread_blocked, id=2300, stack(0x0000005957400000,0x0000005957500000) (1024K)]
  0x000001903f421130 JavaThread "Unconstrained build operations Thread 16"        [_thread_blocked, id=3096, stack(0x0000005957500000,0x0000005957600000) (1024K)]
  0x000001903f4217c0 JavaThread "Unconstrained build operations Thread 17"        [_thread_blocked, id=8184, stack(0x0000005957600000,0x0000005957700000) (1024K)]
  0x000001903f421e50 JavaThread "Unconstrained build operations Thread 18"        [_thread_blocked, id=12956, stack(0x0000005957700000,0x0000005957800000) (1024K)]
  0x000001903f420aa0 JavaThread "Unconstrained build operations Thread 19"        [_thread_blocked, id=4092, stack(0x0000005957800000,0x0000005957900000) (1024K)]
  0x000001903f4224e0 JavaThread "Unconstrained build operations Thread 20"        [_thread_blocked, id=2968, stack(0x0000005957900000,0x0000005957a00000) (1024K)]
  0x000001903f4252d0 JavaThread "Unconstrained build operations Thread 21"        [_thread_blocked, id=8524, stack(0x0000005957a00000,0x0000005957b00000) (1024K)]
  0x00000190417a1b80 JavaThread "Unconstrained build operations Thread 22"        [_thread_blocked, id=5632, stack(0x0000005957b00000,0x0000005957c00000) (1024K)]
  0x00000190417a0e60 JavaThread "Unconstrained build operations Thread 23"        [_thread_blocked, id=8668, stack(0x0000005957c00000,0x0000005957d00000) (1024K)]
  0x00000190417a28a0 JavaThread "Unconstrained build operations Thread 24"        [_thread_blocked, id=2952, stack(0x0000005957d00000,0x0000005957e00000) (1024K)]
  0x000001904179ed90 JavaThread "build event listener"              [_thread_blocked, id=3388, stack(0x0000005957e00000,0x0000005957f00000) (1024K)]
  0x000001904179d350 JavaThread "included builds"                   [_thread_blocked, id=2996, stack(0x0000005957f00000,0x0000005958000000) (1024K)]
  0x000001904179d9e0 JavaThread "Execution worker"                  [_thread_blocked, id=6120, stack(0x0000005958000000,0x0000005958100000) (1024K)]
  0x000001904179e070 JavaThread "Execution worker Thread 2"         [_thread_blocked, id=1572, stack(0x0000005958100000,0x0000005958200000) (1024K)]
  0x000001904179e700 JavaThread "Execution worker Thread 3"         [_thread_blocked, id=4124, stack(0x0000005958200000,0x0000005958300000) (1024K)]
  0x000001904179f420 JavaThread "Cache worker for execution history cache (C:\Users\ش\Downloads\school-crm (1)\mobile-teacher\android\react-settings-plugin\.gradle\8.8\executionHistory)"        [_thread_blocked, id=7112, stack(0x0000005958300000,0x0000005958400000) (1024K)]
  0x000001904179fab0 JavaThread "Unconstrained build operations Thread 25"        [_thread_blocked, id=8912, stack(0x0000005958400000,0x0000005958500000) (1024K)]
  0x00000190417a0140 JavaThread "Unconstrained build operations Thread 26"        [_thread_blocked, id=3604, stack(0x0000005958500000,0x0000005958600000) (1024K)]
  0x00000190417a07d0 JavaThread "Unconstrained build operations Thread 27"        [_thread_blocked, id=8920, stack(0x0000005958600000,0x0000005958700000) (1024K)]
  0x000001904488ec40 JavaThread "Unconstrained build operations Thread 28"        [_thread_blocked, id=508, stack(0x0000005958700000,0x0000005958800000) (1024K)]
  0x000001904488aaa0 JavaThread "Unconstrained build operations Thread 29"        [_thread_blocked, id=13268, stack(0x0000005958800000,0x0000005958900000) (1024K)]
  0x000001904488be50 JavaThread "Unconstrained build operations Thread 30"        [_thread_blocked, id=12684, stack(0x0000005958900000,0x0000005958a00000) (1024K)]
  0x000001904488fff0 JavaThread "Unconstrained build operations Thread 31"        [_thread_blocked, id=4228, stack(0x0000005958a00000,0x0000005958b00000) (1024K)]
  0x000001904488f2d0 JavaThread "Unconstrained build operations Thread 32"        [_thread_blocked, id=5248, stack(0x0000005958b00000,0x0000005958c00000) (1024K)]
  0x000001904488c4e0 JavaThread "Unconstrained build operations Thread 33"        [_thread_blocked, id=10472, stack(0x0000005958c00000,0x0000005958d00000) (1024K)]
  0x000001904488a410 JavaThread "Unconstrained build operations Thread 34"        [_thread_blocked, id=2096, stack(0x0000005958d00000,0x0000005958e00000) (1024K)]
  0x000001904488f960 JavaThread "Unconstrained build operations Thread 35"        [_thread_blocked, id=11688, stack(0x0000005958e00000,0x0000005958f00000) (1024K)]
  0x000001904488d890 JavaThread "WorkerExecutor Queue"              [_thread_in_native, id=704, stack(0x0000005958f00000,0x0000005959000000) (1024K)]
=>0x000001903f260850 JavaThread "C2 CompilerThread1"         daemon [_thread_in_native, id=10036, stack(0x0000005954600000,0x0000005954700000) (1024K)]
Total: 82

Other Threads:
  0x000001901fcabf80 VMThread "VM Thread"                           [id=6976, stack(0x0000005953b00000,0x0000005953c00000) (1024K)]
  0x000001901fc9b340 WatcherThread "VM Periodic Task Thread"        [id=4120, stack(0x0000005953a00000,0x0000005953b00000) (1024K)]
  0x00000190045c60c0 WorkerThread "GC Thread#0"                     [id=12692, stack(0x0000005953500000,0x0000005953600000) (1024K)]
  0x000001903f25c340 WorkerThread "GC Thread#1"                     [id=12172, stack(0x0000005954700000,0x0000005954800000) (1024K)]
  0x000001903f3fe9b0 WorkerThread "GC Thread#2"                     [id=5268, stack(0x0000005954800000,0x0000005954900000) (1024K)]
  0x000001903fb18f50 WorkerThread "GC Thread#3"                     [id=2296, stack(0x0000005954900000,0x0000005954a00000) (1024K)]
  0x00000190045d3980 ConcurrentGCThread "G1 Main Marker"            [id=7752, stack(0x0000005953600000,0x0000005953700000) (1024K)]
  0x00000190045d6360 WorkerThread "G1 Conc#0"                       [id=10900, stack(0x0000005953700000,0x0000005953800000) (1024K)]
  0x000001901fb710a0 ConcurrentGCThread "G1 Refine#0"               [id=12340, stack(0x0000005953800000,0x0000005953900000) (1024K)]
  0x000001901fb71b30 ConcurrentGCThread "G1 Service"                [id=5356, stack(0x0000005953900000,0x0000005953a00000) (1024K)]
Total: 10

Threads with active compile tasks:
C2 CompilerThread1    18258 10295       4       org.gradle.internal.logging.text.AbstractLineChoppingStyledTextOutput::doAppend (43 bytes)
Total: 1

VM state: not at safepoint (normal execution)

VM Mutex/Monitor currently owned by a thread: None

Heap address: 0x00000000a0000000, size: 1536 MB, Compressed Oops mode: 32-bit

CDS archive(s) mapped at: [0x0000019020000000-0x0000019020c90000-0x0000019020c90000), size 13172736, SharedBaseAddress: 0x0000019020000000, ArchiveRelocationMode: 1.
Compressed class space mapped at: 0x0000019021000000-0x000001903b000000, reserved size: 436207616
Narrow klass base: 0x0000019020000000, Narrow klass shift: 0, Narrow klass range: 0x100000000

GC Precious Log:
 CardTable entry size: 512
 Card Set container configuration: InlinePtr #cards 5 size 8 Array Of Cards #cards 12 size 40 Howl #buckets 4 coarsen threshold 1843 Howl Bitmap #cards 512 size 80 coarsen threshold 460 Card regions per heap region 1 cards per card region 2048
 CPUs: 4 total, 4 available
 Memory: 7994M
 Large Page Support: Disabled
 NUMA Support: Disabled
 Compressed Oops: Enabled (32-bit)
 Heap Region Size: 1M
 Heap Min Capacity: 8M
 Heap Initial Capacity: 126M
 Heap Max Capacity: 1536M
 Pre-touch: Disabled
 Parallel Workers: 4
 Concurrent Workers: 1
 Concurrent Refinement Workers: 4
 Periodic GC: Disabled

Heap:
 garbage-first heap   total 150528K, used 116616K [0x00000000a0000000, 0x0000000100000000)
  region size 1024K, 38 young (38912K), 6 survivors (6144K)
 Metaspace       used 79582K, committed 81856K, reserved 557056K
  class space    used 11274K, committed 12416K, reserved 425984K

Heap Regions: E=young(eden), S=young(survivor), O=old, HS=humongous(starts), HC=humongous(continues), CS=collection set, F=free, TAMS=top-at-mark-start, PB=parsable bottom
|   0|0x00000000a0000000, 0x00000000a0100000, 0x00000000a0100000|100%|HS|  |TAMS 0x00000000a0000000| PB 0x00000000a0000000| Complete 
|   1|0x00000000a0100000, 0x00000000a0200000, 0x00000000a0200000|100%|HC|  |TAMS 0x00000000a0100000| PB 0x00000000a0100000| Complete 
|   2|0x00000000a0200000, 0x00000000a0300000, 0x00000000a0300000|100%|HC|  |TAMS 0x00000000a0200000| PB 0x00000000a0200000| Complete 
|   3|0x00000000a0300000, 0x00000000a0400000, 0x00000000a0400000|100%|HC|  |TAMS 0x00000000a0300000| PB 0x00000000a0300000| Complete 
|   4|0x00000000a0400000, 0x00000000a0500000, 0x00000000a0500000|100%| O|  |TAMS 0x00000000a0400000| PB 0x00000000a0400000| Untracked 
|   5|0x00000000a0500000, 0x00000000a0600000, 0x00000000a0600000|100%| O|  |TAMS 0x00000000a0500000| PB 0x00000000a0500000| Untracked 
|   6|0x00000000a0600000, 0x00000000a0700000, 0x00000000a0700000|100%| O|  |TAMS 0x00000000a0600000| PB 0x00000000a0600000| Untracked 
|   7|0x00000000a0700000, 0x00000000a0800000, 0x00000000a0800000|100%|HS|  |TAMS 0x00000000a0700000| PB 0x00000000a0700000| Complete 
|   8|0x00000000a0800000, 0x00000000a0900000, 0x00000000a0900000|100%| O|  |TAMS 0x00000000a0800000| PB 0x00000000a0800000| Untracked 
|   9|0x00000000a0900000, 0x00000000a0a00000, 0x00000000a0a00000|100%| O|  |TAMS 0x00000000a0900000| PB 0x00000000a0900000| Untracked 
|  10|0x00000000a0a00000, 0x00000000a0b00000, 0x00000000a0b00000|100%| O|  |TAMS 0x00000000a0a00000| PB 0x00000000a0a00000| Untracked 
|  11|0x00000000a0b00000, 0x00000000a0c00000, 0x00000000a0c00000|100%| O|  |TAMS 0x00000000a0b00000| PB 0x00000000a0b00000| Untracked 
|  12|0x00000000a0c00000, 0x00000000a0d00000, 0x00000000a0d00000|100%| O|  |TAMS 0x00000000a0c00000| PB 0x00000000a0c00000| Untracked 
|  13|0x00000000a0d00000, 0x00000000a0e00000, 0x00000000a0e00000|100%| O|  |TAMS 0x00000000a0d00000| PB 0x00000000a0d00000| Untracked 
|  14|0x00000000a0e00000, 0x00000000a0f00000, 0x00000000a0f00000|100%| O|  |TAMS 0x00000000a0e00000| PB 0x00000000a0e00000| Untracked 
|  15|0x00000000a0f00000, 0x00000000a1000000, 0x00000000a1000000|100%| O|  |TAMS 0x00000000a0f00000| PB 0x00000000a0f00000| Untracked 
|  16|0x00000000a1000000, 0x00000000a1100000, 0x00000000a1100000|100%| O|  |TAMS 0x00000000a1000000| PB 0x00000000a1000000| Untracked 
|  17|0x00000000a1100000, 0x00000000a1200000, 0x00000000a1200000|100%| O|  |TAMS 0x00000000a1100000| PB 0x00000000a1100000| Untracked 
|  18|0x00000000a1200000, 0x00000000a1300000, 0x00000000a1300000|100%| O|  |TAMS 0x00000000a1200000| PB 0x00000000a1200000| Untracked 
|  19|0x00000000a1300000, 0x00000000a1400000, 0x00000000a1400000|100%| O|  |TAMS 0x00000000a1300000| PB 0x00000000a1300000| Untracked 
|  20|0x00000000a1400000, 0x00000000a1500000, 0x00000000a1500000|100%| O|  |TAMS 0x00000000a1400000| PB 0x00000000a1400000| Untracked 
|  21|0x00000000a1500000, 0x00000000a1600000, 0x00000000a1600000|100%| O|  |TAMS 0x00000000a1500000| PB 0x00000000a1500000| Untracked 
|  22|0x00000000a1600000, 0x00000000a1700000, 0x00000000a1700000|100%| O|  |TAMS 0x00000000a1600000| PB 0x00000000a1600000| Untracked 
|  23|0x00000000a1700000, 0x00000000a1800000, 0x00000000a1800000|100%| O|  |TAMS 0x00000000a1700000| PB 0x00000000a1700000| Untracked 
|  24|0x00000000a1800000, 0x00000000a1900000, 0x00000000a1900000|100%| O|  |TAMS 0x00000000a1800000| PB 0x00000000a1800000| Untracked 
|  25|0x00000000a1900000, 0x00000000a1a00000, 0x00000000a1a00000|100%| O|  |TAMS 0x00000000a1900000| PB 0x00000000a1900000| Untracked 
|  26|0x00000000a1a00000, 0x00000000a1b00000, 0x00000000a1b00000|100%| O|  |TAMS 0x00000000a1a00000| PB 0x00000000a1a00000| Untracked 
|  27|0x00000000a1b00000, 0x00000000a1c00000, 0x00000000a1c00000|100%| O|  |TAMS 0x00000000a1b00000| PB 0x00000000a1b00000| Untracked 
|  28|0x00000000a1c00000, 0x00000000a1d00000, 0x00000000a1d00000|100%| O|  |TAMS 0x00000000a1c00000| PB 0x00000000a1c00000| Untracked 
|  29|0x00000000a1d00000, 0x00000000a1e00000, 0x00000000a1e00000|100%| O|  |TAMS 0x00000000a1d00000| PB 0x00000000a1d00000| Untracked 
|  30|0x00000000a1e00000, 0x00000000a1f00000, 0x00000000a1f00000|100%| O|  |TAMS 0x00000000a1e00000| PB 0x00000000a1e00000| Untracked 
|  31|0x00000000a1f00000, 0x00000000a2000000, 0x00000000a2000000|100%| O|  |TAMS 0x00000000a1f00000| PB 0x00000000a1f00000| Untracked 
|  32|0x00000000a2000000, 0x00000000a2100000, 0x00000000a2100000|100%| O|  |TAMS 0x00000000a2000000| PB 0x00000000a2000000| Untracked 
|  33|0x00000000a2100000, 0x00000000a2200000, 0x00000000a2200000|100%| O|  |TAMS 0x00000000a2100000| PB 0x00000000a2100000| Untracked 
|  34|0x00000000a2200000, 0x00000000a2300000, 0x00000000a2300000|100%| O|  |TAMS 0x00000000a2200000| PB 0x00000000a2200000| Untracked 
|  35|0x00000000a2300000, 0x00000000a2400000, 0x00000000a2400000|100%| O|  |TAMS 0x00000000a2300000| PB 0x00000000a2300000| Untracked 
|  36|0x00000000a2400000, 0x00000000a2500000, 0x00000000a2500000|100%| O|  |TAMS 0x00000000a2400000| PB 0x00000000a2400000| Untracked 
|  37|0x00000000a2500000, 0x00000000a2600000, 0x00000000a2600000|100%|HS|  |TAMS 0x00000000a2500000| PB 0x00000000a2500000| Complete 
|  38|0x00000000a2600000, 0x00000000a2700000, 0x00000000a2700000|100%|HC|  |TAMS 0x00000000a2600000| PB 0x00000000a2600000| Complete 
|  39|0x00000000a2700000, 0x00000000a2800000, 0x00000000a2800000|100%| O|  |TAMS 0x00000000a2700000| PB 0x00000000a2700000| Untracked 
|  40|0x00000000a2800000, 0x00000000a2900000, 0x00000000a2900000|100%| O|  |TAMS 0x00000000a2800000| PB 0x00000000a2800000| Untracked 
|  41|0x00000000a2900000, 0x00000000a2a00000, 0x00000000a2a00000|100%| O|  |TAMS 0x00000000a2900000| PB 0x00000000a2900000| Untracked 
|  42|0x00000000a2a00000, 0x00000000a2b00000, 0x00000000a2b00000|100%|HS|  |TAMS 0x00000000a2a00000| PB 0x00000000a2a00000| Complete 
|  43|0x00000000a2b00000, 0x00000000a2c00000, 0x00000000a2c00000|100%|HC|  |TAMS 0x00000000a2b00000| PB 0x00000000a2b00000| Complete 
|  44|0x00000000a2c00000, 0x00000000a2d00000, 0x00000000a2d00000|100%|HS|  |TAMS 0x00000000a2c00000| PB 0x00000000a2c00000| Complete 
|  45|0x00000000a2d00000, 0x00000000a2e00000, 0x00000000a2e00000|100%|HC|  |TAMS 0x00000000a2d00000| PB 0x00000000a2d00000| Complete 
|  46|0x00000000a2e00000, 0x00000000a2f00000, 0x00000000a2f00000|100%| O|  |TAMS 0x00000000a2e00000| PB 0x00000000a2e00000| Untracked 
|  47|0x00000000a2f00000, 0x00000000a3000000, 0x00000000a3000000|100%| O|  |TAMS 0x00000000a2f00000| PB 0x00000000a2f00000| Untracked 
|  48|0x00000000a3000000, 0x00000000a3100000, 0x00000000a3100000|100%| O|  |TAMS 0x00000000a3000000| PB 0x00000000a3000000| Untracked 
|  49|0x00000000a3100000, 0x00000000a3200000, 0x00000000a3200000|100%| O|Cm|TAMS 0x00000000a3100000| PB 0x00000000a3100000| Complete 
|  50|0x00000000a3200000, 0x00000000a3300000, 0x00000000a3300000|100%|HS|  |TAMS 0x00000000a3200000| PB 0x00000000a3200000| Complete 
|  51|0x00000000a3300000, 0x00000000a3400000, 0x00000000a3400000|100%|HC|  |TAMS 0x00000000a3300000| PB 0x00000000a3300000| Complete 
|  52|0x00000000a3400000, 0x00000000a3500000, 0x00000000a3500000|100%|HC|  |TAMS 0x00000000a3400000| PB 0x00000000a3400000| Complete 
|  53|0x00000000a3500000, 0x00000000a3600000, 0x00000000a3600000|100%|HC|  |TAMS 0x00000000a3500000| PB 0x00000000a3500000| Complete 
|  54|0x00000000a3600000, 0x00000000a3700000, 0x00000000a3700000|100%|HS|  |TAMS 0x00000000a3600000| PB 0x00000000a3600000| Complete 
|  55|0x00000000a3700000, 0x00000000a3800000, 0x00000000a3800000|100%|HC|  |TAMS 0x00000000a3700000| PB 0x00000000a3700000| Complete 
|  56|0x00000000a3800000, 0x00000000a3900000, 0x00000000a3900000|100%|HC|  |TAMS 0x00000000a3800000| PB 0x00000000a3800000| Complete 
|  57|0x00000000a3900000, 0x00000000a3a00000, 0x00000000a3a00000|100%|HC|  |TAMS 0x00000000a3900000| PB 0x00000000a3900000| Complete 
|  58|0x00000000a3a00000, 0x00000000a3b00000, 0x00000000a3b00000|100%|HS|  |TAMS 0x00000000a3a00000| PB 0x00000000a3a00000| Complete 
|  59|0x00000000a3b00000, 0x00000000a3c00000, 0x00000000a3c00000|100%|HC|  |TAMS 0x00000000a3b00000| PB 0x00000000a3b00000| Complete 
|  60|0x00000000a3c00000, 0x00000000a3d00000, 0x00000000a3d00000|100%| O|  |TAMS 0x00000000a3c00000| PB 0x00000000a3c00000| Untracked 
|  61|0x00000000a3d00000, 0x00000000a3e00000, 0x00000000a3e00000|100%| O|  |TAMS 0x00000000a3d00000| PB 0x00000000a3d00000| Untracked 
|  62|0x00000000a3e00000, 0x00000000a3f00000, 0x00000000a3f00000|100%| O|  |TAMS 0x00000000a3e00000| PB 0x00000000a3e00000| Untracked 
|  63|0x00000000a3f00000, 0x00000000a4000000, 0x00000000a4000000|100%| O|  |TAMS 0x00000000a3f00000| PB 0x00000000a3f00000| Untracked 
|  64|0x00000000a4000000, 0x00000000a4100000, 0x00000000a4100000|100%| O|  |TAMS 0x00000000a4000000| PB 0x00000000a4000000| Untracked 
|  65|0x00000000a4100000, 0x00000000a4200000, 0x00000000a4200000|100%| O|Cm|TAMS 0x00000000a4100000| PB 0x00000000a4100000| Complete 
|  66|0x00000000a4200000, 0x00000000a4300000, 0x00000000a4300000|100%|HS|  |TAMS 0x00000000a4200000| PB 0x00000000a4200000| Complete 
|  67|0x00000000a4300000, 0x00000000a4400000, 0x00000000a4400000|100%|HC|  |TAMS 0x00000000a4300000| PB 0x00000000a4300000| Complete 
|  68|0x00000000a4400000, 0x00000000a4500000, 0x00000000a4500000|100%|HC|  |TAMS 0x00000000a4400000| PB 0x00000000a4400000| Complete 
|  69|0x00000000a4500000, 0x00000000a4600000, 0x00000000a4600000|100%|HC|  |TAMS 0x00000000a4500000| PB 0x00000000a4500000| Complete 
|  70|0x00000000a4600000, 0x00000000a4700000, 0x00000000a4700000|100%|HS|  |TAMS 0x00000000a4600000| PB 0x00000000a4600000| Complete 
|  71|0x00000000a4700000, 0x00000000a4800000, 0x00000000a4800000|100%|HC|  |TAMS 0x00000000a4700000| PB 0x00000000a4700000| Complete 
|  72|0x00000000a4800000, 0x00000000a4900000, 0x00000000a4900000|100%|HC|  |TAMS 0x00000000a4800000| PB 0x00000000a4800000| Complete 
|  73|0x00000000a4900000, 0x00000000a4a00000, 0x00000000a4a00000|100%|HC|  |TAMS 0x00000000a4900000| PB 0x00000000a4900000| Complete 
|  74|0x00000000a4a00000, 0x00000000a4ab4e70, 0x00000000a4b00000| 70%| O|  |TAMS 0x00000000a4a00000| PB 0x00000000a4a00000| Untracked 
|  75|0x00000000a4b00000, 0x00000000a4b00000, 0x00000000a4c00000|  0%| F|  |TAMS 0x00000000a4b00000| PB 0x00000000a4b00000| Untracked 
|  76|0x00000000a4c00000, 0x00000000a4c00000, 0x00000000a4d00000|  0%| F|  |TAMS 0x00000000a4c00000| PB 0x00000000a4c00000| Untracked 
|  77|0x00000000a4d00000, 0x00000000a4d00000, 0x00000000a4e00000|  0%| F|  |TAMS 0x00000000a4d00000| PB 0x00000000a4d00000| Untracked 
|  78|0x00000000a4e00000, 0x00000000a4e00000, 0x00000000a4f00000|  0%| F|  |TAMS 0x00000000a4e00000| PB 0x00000000a4e00000| Untracked 
|  79|0x00000000a4f00000, 0x00000000a4f2d370, 0x00000000a5000000| 17%| S|CS|TAMS 0x00000000a4f00000| PB 0x00000000a4f00000| Complete 
|  80|0x00000000a5000000, 0x00000000a5100000, 0x00000000a5100000|100%| S|CS|TAMS 0x00000000a5000000| PB 0x00000000a5000000| Complete 
|  81|0x00000000a5100000, 0x00000000a5100000, 0x00000000a5200000|  0%| F|  |TAMS 0x00000000a5100000| PB 0x00000000a5100000| Untracked 
|  82|0x00000000a5200000, 0x00000000a5200000, 0x00000000a5300000|  0%| F|  |TAMS 0x00000000a5200000| PB 0x00000000a5200000| Untracked 
|  83|0x00000000a5300000, 0x00000000a5400000, 0x00000000a5400000|100%| S|CS|TAMS 0x00000000a5300000| PB 0x00000000a5300000| Complete 
|  84|0x00000000a5400000, 0x00000000a5500000, 0x00000000a5500000|100%| S|CS|TAMS 0x00000000a5400000| PB 0x00000000a5400000| Complete 
|  85|0x00000000a5500000, 0x00000000a5600000, 0x00000000a5600000|100%| S|CS|TAMS 0x00000000a5500000| PB 0x00000000a5500000| Complete 
|  86|0x00000000a5600000, 0x00000000a5700000, 0x00000000a5700000|100%| S|CS|TAMS 0x00000000a5600000| PB 0x00000000a5600000| Complete 
|  87|0x00000000a5700000, 0x00000000a5700000, 0x00000000a5800000|  0%| F|  |TAMS 0x00000000a5700000| PB 0x00000000a5700000| Untracked 
|  88|0x00000000a5800000, 0x00000000a5800000, 0x00000000a5900000|  0%| F|  |TAMS 0x00000000a5800000| PB 0x00000000a5800000| Untracked 
|  89|0x00000000a5900000, 0x00000000a5900000, 0x00000000a5a00000|  0%| F|  |TAMS 0x00000000a5900000| PB 0x00000000a5900000| Untracked 
|  90|0x00000000a5a00000, 0x00000000a5a00000, 0x00000000a5b00000|  0%| F|  |TAMS 0x00000000a5a00000| PB 0x00000000a5a00000| Untracked 
|  91|0x00000000a5b00000, 0x00000000a5b00000, 0x00000000a5c00000|  0%| F|  |TAMS 0x00000000a5b00000| PB 0x00000000a5b00000| Untracked 
|  92|0x00000000a5c00000, 0x00000000a5c00000, 0x00000000a5d00000|  0%| F|  |TAMS 0x00000000a5c00000| PB 0x00000000a5c00000| Untracked 
|  93|0x00000000a5d00000, 0x00000000a5d00000, 0x00000000a5e00000|  0%| F|  |TAMS 0x00000000a5d00000| PB 0x00000000a5d00000| Untracked 
|  94|0x00000000a5e00000, 0x00000000a5e00000, 0x00000000a5f00000|  0%| F|  |TAMS 0x00000000a5e00000| PB 0x00000000a5e00000| Untracked 
|  95|0x00000000a5f00000, 0x00000000a5f00000, 0x00000000a6000000|  0%| F|  |TAMS 0x00000000a5f00000| PB 0x00000000a5f00000| Untracked 
|  96|0x00000000a6000000, 0x00000000a6000000, 0x00000000a6100000|  0%| F|  |TAMS 0x00000000a6000000| PB 0x00000000a6000000| Untracked 
|  97|0x00000000a6100000, 0x00000000a6100000, 0x00000000a6200000|  0%| F|  |TAMS 0x00000000a6100000| PB 0x00000000a6100000| Untracked 
|  98|0x00000000a6200000, 0x00000000a6200000, 0x00000000a6300000|  0%| F|  |TAMS 0x00000000a6200000| PB 0x00000000a6200000| Untracked 
|  99|0x00000000a6300000, 0x00000000a6300000, 0x00000000a6400000|  0%| F|  |TAMS 0x00000000a6300000| PB 0x00000000a6300000| Untracked 
| 100|0x00000000a6400000, 0x00000000a6400000, 0x00000000a6500000|  0%| F|  |TAMS 0x00000000a6400000| PB 0x00000000a6400000| Untracked 
| 101|0x00000000a6500000, 0x00000000a6500000, 0x00000000a6600000|  0%| F|  |TAMS 0x00000000a6500000| PB 0x00000000a6500000| Untracked 
| 102|0x00000000a6600000, 0x00000000a6600000, 0x00000000a6700000|  0%| F|  |TAMS 0x00000000a6600000| PB 0x00000000a6600000| Untracked 
| 103|0x00000000a6700000, 0x00000000a6700000, 0x00000000a6800000|  0%| F|  |TAMS 0x00000000a6700000| PB 0x00000000a6700000| Untracked 
| 104|0x00000000a6800000, 0x00000000a6800000, 0x00000000a6900000|  0%| F|  |TAMS 0x00000000a6800000| PB 0x00000000a6800000| Untracked 
| 105|0x00000000a6900000, 0x00000000a6900000, 0x00000000a6a00000|  0%| F|  |TAMS 0x00000000a6900000| PB 0x00000000a6900000| Untracked 
| 106|0x00000000a6a00000, 0x00000000a6a00000, 0x00000000a6b00000|  0%| F|  |TAMS 0x00000000a6a00000| PB 0x00000000a6a00000| Untracked 
| 107|0x00000000a6b00000, 0x00000000a6b00000, 0x00000000a6c00000|  0%| F|  |TAMS 0x00000000a6b00000| PB 0x00000000a6b00000| Untracked 
| 108|0x00000000a6c00000, 0x00000000a6c00000, 0x00000000a6d00000|  0%| F|  |TAMS 0x00000000a6c00000| PB 0x00000000a6c00000| Untracked 
| 109|0x00000000a6d00000, 0x00000000a6d00000, 0x00000000a6e00000|  0%| F|  |TAMS 0x00000000a6d00000| PB 0x00000000a6d00000| Untracked 
| 110|0x00000000a6e00000, 0x00000000a6e00000, 0x00000000a6f00000|  0%| F|  |TAMS 0x00000000a6e00000| PB 0x00000000a6e00000| Untracked 
| 111|0x00000000a6f00000, 0x00000000a6fcad28, 0x00000000a7000000| 79%| E|  |TAMS 0x00000000a6f00000| PB 0x00000000a6f00000| Complete 
| 112|0x00000000a7000000, 0x00000000a7100000, 0x00000000a7100000|100%| E|CS|TAMS 0x00000000a7000000| PB 0x00000000a7000000| Complete 
| 113|0x00000000a7100000, 0x00000000a7200000, 0x00000000a7200000|100%| E|CS|TAMS 0x00000000a7100000| PB 0x00000000a7100000| Complete 
| 114|0x00000000a7200000, 0x00000000a7300000, 0x00000000a7300000|100%| E|CS|TAMS 0x00000000a7200000| PB 0x00000000a7200000| Complete 
| 115|0x00000000a7300000, 0x00000000a7400000, 0x00000000a7400000|100%| E|CS|TAMS 0x00000000a7300000| PB 0x00000000a7300000| Complete 
| 116|0x00000000a7400000, 0x00000000a7500000, 0x00000000a7500000|100%| E|CS|TAMS 0x00000000a7400000| PB 0x00000000a7400000| Complete 
| 117|0x00000000a7500000, 0x00000000a7600000, 0x00000000a7600000|100%| E|  |TAMS 0x00000000a7500000| PB 0x00000000a7500000| Complete 
| 118|0x00000000a7600000, 0x00000000a7700000, 0x00000000a7700000|100%| E|CS|TAMS 0x00000000a7600000| PB 0x00000000a7600000| Complete 
| 119|0x00000000a7700000, 0x00000000a7800000, 0x00000000a7800000|100%| E|CS|TAMS 0x00000000a7700000| PB 0x00000000a7700000| Complete 
| 120|0x00000000a7800000, 0x00000000a7900000, 0x00000000a7900000|100%| E|CS|TAMS 0x00000000a7800000| PB 0x00000000a7800000| Complete 
| 121|0x00000000a7900000, 0x00000000a7a00000, 0x00000000a7a00000|100%| E|CS|TAMS 0x00000000a7900000| PB 0x00000000a7900000| Complete 
| 122|0x00000000a7a00000, 0x00000000a7b00000, 0x00000000a7b00000|100%| E|CS|TAMS 0x00000000a7a00000| PB 0x00000000a7a00000| Complete 
| 123|0x00000000a7b00000, 0x00000000a7c00000, 0x00000000a7c00000|100%| E|CS|TAMS 0x00000000a7b00000| PB 0x00000000a7b00000| Complete 
| 124|0x00000000a7c00000, 0x00000000a7d00000, 0x00000000a7d00000|100%| E|CS|TAMS 0x00000000a7c00000| PB 0x00000000a7c00000| Complete 
| 125|0x00000000a7d00000, 0x00000000a7e00000, 0x00000000a7e00000|100%| E|CS|TAMS 0x00000000a7d00000| PB 0x00000000a7d00000| Complete 
| 126|0x00000000a7e00000, 0x00000000a7f00000, 0x00000000a7f00000|100%| E|CS|TAMS 0x00000000a7e00000| PB 0x00000000a7e00000| Complete 
| 127|0x00000000a7f00000, 0x00000000a8000000, 0x00000000a8000000|100%| E|CS|TAMS 0x00000000a7f00000| PB 0x00000000a7f00000| Complete 
| 128|0x00000000a8000000, 0x00000000a8100000, 0x00000000a8100000|100%| E|CS|TAMS 0x00000000a8000000| PB 0x00000000a8000000| Complete 
| 129|0x00000000a8100000, 0x00000000a8200000, 0x00000000a8200000|100%| E|CS|TAMS 0x00000000a8100000| PB 0x00000000a8100000| Complete 
| 130|0x00000000a8200000, 0x00000000a8300000, 0x00000000a8300000|100%| E|CS|TAMS 0x00000000a8200000| PB 0x00000000a8200000| Complete 
| 131|0x00000000a8300000, 0x00000000a8400000, 0x00000000a8400000|100%| E|CS|TAMS 0x00000000a8300000| PB 0x00000000a8300000| Complete 
| 132|0x00000000a8400000, 0x00000000a8500000, 0x00000000a8500000|100%| E|CS|TAMS 0x00000000a8400000| PB 0x00000000a8400000| Complete 
| 133|0x00000000a8500000, 0x00000000a8600000, 0x00000000a8600000|100%| E|CS|TAMS 0x00000000a8500000| PB 0x00000000a8500000| Complete 
| 134|0x00000000a8600000, 0x00000000a8700000, 0x00000000a8700000|100%| E|CS|TAMS 0x00000000a8600000| PB 0x00000000a8600000| Complete 
| 135|0x00000000a8700000, 0x00000000a8800000, 0x00000000a8800000|100%| E|CS|TAMS 0x00000000a8700000| PB 0x00000000a8700000| Complete 
| 136|0x00000000a8800000, 0x00000000a8900000, 0x00000000a8900000|100%| E|CS|TAMS 0x00000000a8800000| PB 0x00000000a8800000| Complete 
| 137|0x00000000a8900000, 0x00000000a8a00000, 0x00000000a8a00000|100%| E|CS|TAMS 0x00000000a8900000| PB 0x00000000a8900000| Complete 
| 138|0x00000000a8a00000, 0x00000000a8b00000, 0x00000000a8b00000|100%| E|CS|TAMS 0x00000000a8a00000| PB 0x00000000a8a00000| Complete 
| 139|0x00000000a8b00000, 0x00000000a8c00000, 0x00000000a8c00000|100%| E|CS|TAMS 0x00000000a8b00000| PB 0x00000000a8b00000| Complete 
| 140|0x00000000a8c00000, 0x00000000a8d00000, 0x00000000a8d00000|100%| E|CS|TAMS 0x00000000a8c00000| PB 0x00000000a8c00000| Complete 
| 141|0x00000000a8d00000, 0x00000000a8e00000, 0x00000000a8e00000|100%| E|CS|TAMS 0x00000000a8d00000| PB 0x00000000a8d00000| Complete 
| 142|0x00000000a8e00000, 0x00000000a8f00000, 0x00000000a8f00000|100%| E|CS|TAMS 0x00000000a8e00000| PB 0x00000000a8e00000| Complete 
|1532|0x00000000ffc00000, 0x00000000ffd00000, 0x00000000ffd00000|100%| O|  |TAMS 0x00000000ffc00000| PB 0x00000000ffc00000| Untracked 
|1533|0x00000000ffd00000, 0x00000000ffe00000, 0x00000000ffe00000|100%| O|  |TAMS 0x00000000ffd00000| PB 0x00000000ffd00000| Untracked 
|1534|0x00000000ffe00000, 0x00000000fff00000, 0x00000000fff00000|100%| O|  |TAMS 0x00000000ffe00000| PB 0x00000000ffe00000| Untracked 
|1535|0x00000000fff00000, 0x0000000100000000, 0x0000000100000000|100%| O|  |TAMS 0x00000000fff00000| PB 0x00000000fff00000| Untracked 

Card table byte_map: [0x000001901bd30000,0x000001901c030000] _byte_map_base: 0x000001901b830000

Marking Bits: (CMBitMap*) 0x00000190045c66e0
 Bits: [0x000001901c030000, 0x000001901d830000)

Polling page: 0x0000019003d50000

Metaspace:

Usage:
  Non-class:     66.71 MB used.
      Class:     11.01 MB used.
       Both:     77.72 MB used.

Virtual space:
  Non-class space:      128.00 MB reserved,      67.81 MB ( 53%) committed,  2 nodes.
      Class space:      416.00 MB reserved,      12.12 MB (  3%) committed,  1 nodes.
             Both:      544.00 MB reserved,      79.94 MB ( 15%) committed. 

Chunk freelists:
   Non-Class:  11.84 MB
       Class:  3.80 MB
        Both:  15.64 MB

MaxMetaspaceSize: 512.00 MB
CompressedClassSpaceSize: 416.00 MB
Initial GC threshold: 21.00 MB
Current GC threshold: 120.62 MB
CDS: on
 - commit_granule_bytes: 65536.
 - commit_granule_words: 8192.
 - virtual_space_node_default_size: 8388608.
 - enlarge_chunks_in_place: 1.
 - use_allocation_guard: 0.


Internal statistics:

num_allocs_failed_limit: 9.
num_arena_births: 3806.
num_arena_deaths: 0.
num_vsnodes_births: 3.
num_vsnodes_deaths: 0.
num_space_committed: 1279.
num_space_uncommitted: 0.
num_chunks_returned_to_freelist: 9.
num_chunks_taken_from_freelist: 7596.
num_chunk_merges: 9.
num_chunk_splits: 4943.
num_chunks_enlarged: 2989.
num_inconsistent_stats: 0.

CodeHeap 'non-profiled nmethods': size=120000Kb used=4993Kb max_used=4993Kb free=115006Kb
 bounds [0x0000019014500000, 0x00000190149f0000, 0x000001901ba30000]
CodeHeap 'profiled nmethods': size=120000Kb used=17225Kb max_used=17225Kb free=102774Kb
 bounds [0x000001900ca30000, 0x000001900db10000, 0x0000019013f60000]
CodeHeap 'non-nmethods': size=5760Kb used=2821Kb max_used=2879Kb free=2938Kb
 bounds [0x0000019013f60000, 0x0000019014250000, 0x0000019014500000]
 total_blobs=9895 nmethods=8965 adapters=834
 compilation: enabled
              stopped_count=0, restarted_count=0
 full_count=0

Compilation events (20 events):
Event: 18.196 Thread 0x000001901fcdb350 nmethod 10283 0x00000190149db190 code [0x00000190149db320, 0x00000190149db3d0]
Event: 18.202 Thread 0x000001901fcd9fe0 10284       4       org.gradle.internal.logging.text.AbstractLineChoppingStyledTextOutput$1::execute (9 bytes)
Event: 18.203 Thread 0x000001901fcdb350 10290       2       org.gradle.internal.logging.text.AbstractLineChoppingStyledTextOutput::doAppend (43 bytes)
Event: 18.203 Thread 0x000001901fcdb350 nmethod 10290 0x000001900daf8f10 code [0x000001900daf90e0, 0x000001900daf93d0]
Event: 18.204 Thread 0x000001901fcdb350 10294       3       org.gradle.internal.logging.text.AbstractLineChoppingStyledTextOutput$StateContext::flushLineText (113 bytes)
Event: 18.204 Thread 0x000001903f260850 10287       4       org.gradle.internal.logging.text.AbstractLineChoppingStyledTextOutput$StateContext::setState (10 bytes)
Event: 18.204 Thread 0x000001901fcdb350 nmethod 10294 0x000001900daf9590 code [0x000001900daf9820, 0x000001900dafa1a0]
Event: 18.205 Thread 0x000001901fcdb350 10298       3       java.io.PrintStream::implWrite (50 bytes)
Event: 18.205 Thread 0x000001901fcdb350 nmethod 10298 0x000001900dafa590 code [0x000001900dafa7e0, 0x000001900dafafe8]
Event: 18.205 Thread 0x000001901fcdb350 10296       3       java.io.Writer::write (11 bytes)
Event: 18.205 Thread 0x000001903f260850 nmethod 10287 0x00000190149db490 code [0x00000190149db620, 0x00000190149db7a8]
Event: 18.205 Thread 0x000001903f260850 10295       4       org.gradle.internal.logging.text.AbstractLineChoppingStyledTextOutput::doAppend (43 bytes)
Event: 18.205 Thread 0x000001901fcdb350 nmethod 10296 0x000001900dafb310 code [0x000001900dafb4e0, 0x000001900dafb7c0]
Event: 18.205 Thread 0x000001901fcdb350 10297       3       java.io.OutputStreamWriter::flushBuffer (8 bytes)
Event: 18.206 Thread 0x000001901fcdb350 nmethod 10297 0x000001900dafb910 code [0x000001900dafbac0, 0x000001900dafbc00]
Event: 18.206 Thread 0x000001901fcdb350 10300       3       org.gradle.internal.logging.console.StyledTextOutputBackedRenderer$OutputEventTextOutputImpl::doLineText (17 bytes)
Event: 18.207 Thread 0x000001901fcdb350 nmethod 10300 0x000001900dafbd10 code [0x000001900dafbee0, 0x000001900dafc310]
Event: 18.208 Thread 0x000001901fcdb350 10301       3       java.lang.StackTraceElement::length (13 bytes)
Event: 18.208 Thread 0x000001901fcdb350 nmethod 10301 0x000001900dafc490 code [0x000001900dafc640, 0x000001900dafc898]
Event: 18.212 Thread 0x000001901fcd9fe0 nmethod 10284 0x00000190149db890 code [0x00000190149dbae0, 0x00000190149dc288]

GC Heap History (20 events):
Event: 8.993 GC heap before
{Heap before GC invocations=13 (full 0):
 garbage-first heap   total 103424K, used 93631K [0x00000000a0000000, 0x0000000100000000)
  region size 1024K, 54 young (55296K), 3 survivors (3072K)
 Metaspace       used 52311K, committed 54016K, reserved 491520K
  class space    used 7342K, committed 8192K, reserved 425984K
}
Event: 8.999 GC heap after
{Heap after GC invocations=14 (full 0):
 garbage-first heap   total 103424K, used 41742K [0x00000000a0000000, 0x0000000100000000)
  region size 1024K, 5 young (5120K), 5 survivors (5120K)
 Metaspace       used 52311K, committed 54016K, reserved 491520K
  class space    used 7342K, committed 8192K, reserved 425984K
}
Event: 9.989 GC heap before
{Heap before GC invocations=14 (full 0):
 garbage-first heap   total 103424K, used 90894K [0x00000000a0000000, 0x0000000100000000)
  region size 1024K, 54 young (55296K), 5 survivors (5120K)
 Metaspace       used 55972K, committed 57728K, reserved 491520K
  class space    used 7877K, committed 8768K, reserved 425984K
}
Event: 9.998 GC heap after
{Heap after GC invocations=15 (full 0):
 garbage-first heap   total 103424K, used 44970K [0x00000000a0000000, 0x0000000100000000)
  region size 1024K, 7 young (7168K), 7 survivors (7168K)
 Metaspace       used 55972K, committed 57728K, reserved 491520K
  class space    used 7877K, committed 8768K, reserved 425984K
}
Event: 10.352 GC heap before
{Heap before GC invocations=15 (full 0):
 garbage-first heap   total 103424K, used 72618K [0x00000000a0000000, 0x0000000100000000)
  region size 1024K, 31 young (31744K), 7 survivors (7168K)
 Metaspace       used 58481K, committed 60288K, reserved 491520K
  class space    used 8197K, committed 9088K, reserved 425984K
}
Event: 10.360 GC heap after
{Heap after GC invocations=16 (full 0):
 garbage-first heap   total 103424K, used 50211K [0x00000000a0000000, 0x0000000100000000)
  region size 1024K, 5 young (5120K), 5 survivors (5120K)
 Metaspace       used 58481K, committed 60288K, reserved 491520K
  class space    used 8197K, committed 9088K, reserved 425984K
}
Event: 10.860 GC heap before
{Heap before GC invocations=17 (full 0):
 garbage-first heap   total 107520K, used 98339K [0x00000000a0000000, 0x0000000100000000)
  region size 1024K, 45 young (46080K), 5 survivors (5120K)
 Metaspace       used 61692K, committed 63488K, reserved 491520K
  class space    used 8662K, committed 9600K, reserved 425984K
}
Event: 10.867 GC heap after
{Heap after GC invocations=18 (full 0):
 garbage-first heap   total 109568K, used 62054K [0x00000000a0000000, 0x0000000100000000)
  region size 1024K, 6 young (6144K), 6 survivors (6144K)
 Metaspace       used 61692K, committed 63488K, reserved 491520K
  class space    used 8662K, committed 9600K, reserved 425984K
}
Event: 11.392 GC heap before
{Heap before GC invocations=18 (full 0):
 garbage-first heap   total 109568K, used 95846K [0x00000000a0000000, 0x0000000100000000)
  region size 1024K, 39 young (39936K), 6 survivors (6144K)
 Metaspace       used 64516K, committed 66432K, reserved 491520K
  class space    used 9136K, committed 10112K, reserved 425984K
}
Event: 11.399 GC heap after
{Heap after GC invocations=19 (full 0):
 garbage-first heap   total 109568K, used 62987K [0x00000000a0000000, 0x0000000100000000)
  region size 1024K, 2 young (2048K), 2 survivors (2048K)
 Metaspace       used 64516K, committed 66432K, reserved 491520K
  class space    used 9136K, committed 10112K, reserved 425984K
}
Event: 12.079 GC heap before
{Heap before GC invocations=19 (full 0):
 garbage-first heap   total 109568K, used 100875K [0x00000000a0000000, 0x0000000100000000)
  region size 1024K, 39 young (39936K), 2 survivors (2048K)
 Metaspace       used 66552K, committed 68544K, reserved 491520K
  class space    used 9404K, committed 10368K, reserved 425984K
}
Event: 12.084 GC heap after
{Heap after GC invocations=20 (full 0):
 garbage-first heap   total 109568K, used 64674K [0x00000000a0000000, 0x0000000100000000)
  region size 1024K, 4 young (4096K), 4 survivors (4096K)
 Metaspace       used 66552K, committed 68544K, reserved 491520K
  class space    used 9404K, committed 10368K, reserved 425984K
}
Event: 12.747 GC heap before
{Heap before GC invocations=21 (full 0):
 garbage-first heap   total 116736K, used 97442K [0x00000000a0000000, 0x0000000100000000)
  region size 1024K, 36 young (36864K), 4 survivors (4096K)
 Metaspace       used 67783K, committed 69760K, reserved 491520K
  class space    used 9579K, committed 10560K, reserved 425984K
}
Event: 12.755 GC heap after
{Heap after GC invocations=22 (full 0):
 garbage-first heap   total 116736K, used 66073K [0x00000000a0000000, 0x0000000100000000)
  region size 1024K, 4 young (4096K), 4 survivors (4096K)
 Metaspace       used 67783K, committed 69760K, reserved 491520K
  class space    used 9579K, committed 10560K, reserved 425984K
}
Event: 13.629 GC heap before
{Heap before GC invocations=22 (full 0):
 garbage-first heap   total 116736K, used 114201K [0x00000000a0000000, 0x0000000100000000)
  region size 1024K, 40 young (40960K), 4 survivors (4096K)
 Metaspace       used 69523K, committed 71616K, reserved 491520K
  class space    used 9794K, committed 10816K, reserved 425984K
}
Event: 13.641 GC heap after
{Heap after GC invocations=23 (full 0):
 garbage-first heap   total 124928K, used 80867K [0x00000000a0000000, 0x0000000100000000)
  region size 1024K, 5 young (5120K), 5 survivors (5120K)
 Metaspace       used 69523K, committed 71616K, reserved 491520K
  class space    used 9794K, committed 10816K, reserved 425984K
}
Event: 13.972 GC heap before
{Heap before GC invocations=23 (full 0):
 garbage-first heap   total 124928K, used 111587K [0x00000000a0000000, 0x0000000100000000)
  region size 1024K, 35 young (35840K), 5 survivors (5120K)
 Metaspace       used 72020K, committed 74048K, reserved 491520K
  class space    used 10115K, committed 11136K, reserved 425984K
}
Event: 13.980 GC heap after
{Heap after GC invocations=24 (full 0):
 garbage-first heap   total 150528K, used 82257K [0x00000000a0000000, 0x0000000100000000)
  region size 1024K, 2 young (2048K), 2 survivors (2048K)
 Metaspace       used 72020K, committed 74048K, reserved 491520K
  class space    used 10115K, committed 11136K, reserved 425984K
}
Event: 15.410 GC heap before
{Heap before GC invocations=25 (full 0):
 garbage-first heap   total 150528K, used 139601K [0x00000000a0000000, 0x0000000100000000)
  region size 1024K, 58 young (59392K), 2 survivors (2048K)
 Metaspace       used 76520K, committed 78720K, reserved 557056K
  class space    used 10891K, committed 11968K, reserved 425984K
}
Event: 15.418 GC heap after
{Heap after GC invocations=26 (full 0):
 garbage-first heap   total 150528K, used 85896K [0x00000000a0000000, 0x0000000100000000)
  region size 1024K, 6 young (6144K), 6 survivors (6144K)
 Metaspace       used 76520K, committed 78720K, reserved 557056K
  class space    used 10891K, committed 11968K, reserved 425984K
}

Dll operation events (16 events):
Event: 0.008 Loaded shared library C:\Program Files\Java\jdk-21\bin\java.dll
Event: 0.040 Loaded shared library C:\Program Files\Java\jdk-21\bin\jsvml.dll
Event: 0.087 Loaded shared library C:\Program Files\Java\jdk-21\bin\zip.dll
Event: 0.091 Loaded shared library C:\Program Files\Java\jdk-21\bin\instrument.dll
Event: 0.096 Loaded shared library C:\Program Files\Java\jdk-21\bin\net.dll
Event: 0.098 Loaded shared library C:\Program Files\Java\jdk-21\bin\nio.dll
Event: 0.103 Loaded shared library C:\Program Files\Java\jdk-21\bin\zip.dll
Event: 0.391 Loaded shared library C:\Program Files\Java\jdk-21\bin\jimage.dll
Event: 0.492 Loaded shared library C:\Program Files\Java\jdk-21\bin\verify.dll
Event: 0.666 Loaded shared library C:\GradleCache\native\c067742578af261105cb4f569cf0c3c89f3d7b1fecec35dd04571415982c5e48\windows-amd64\native-platform.dll
Event: 0.670 Loaded shared library C:\GradleCache\native\100fb08df4bc3b14c8652ba06237920a3bd2aa13389f12d3474272988ae205f9\windows-amd64\native-platform-file-events.dll
Event: 1.772 Loaded shared library C:\Program Files\Java\jdk-21\bin\management.dll
Event: 1.774 Loaded shared library C:\Program Files\Java\jdk-21\bin\management_ext.dll
Event: 1.968 Loaded shared library C:\Program Files\Java\jdk-21\bin\extnet.dll
Event: 2.176 Loaded shared library C:\Program Files\Java\jdk-21\bin\sunmscapi.dll
Event: 16.110 Loaded shared library C:\Users\\AppData\Local\Temp\native-platform6195085155388955524dir\native-platform.dll

Deoptimization events (20 events):
Event: 18.179 Thread 0x0000019042e345a0 Uncommon trap: trap_request=0xffffff45 fr.pc=0x000001901487765c relative=0x000000000000077c
Event: 18.179 Thread 0x0000019042e345a0 Uncommon trap: reason=unstable_if action=reinterpret pc=0x000001901487765c method=org.gradle.internal.file.FileHierarchySet$Node.isChildOfOrThis(Ljava/lang/String;I)Z @ 35 c2
Event: 18.179 Thread 0x0000019042e345a0 DEOPT PACKING pc=0x000001901487765c sp=0x00000059559fef20
Event: 18.179 Thread 0x0000019042e345a0 DEOPT UNPACKING pc=0x0000019013fb46a2 sp=0x00000059559feea0 mode 2
Event: 18.190 Thread 0x000001904488d890 Uncommon trap: trap_request=0xffffff45 fr.pc=0x00000190147df8d4 relative=0x00000000000004d4
Event: 18.190 Thread 0x000001904488d890 Uncommon trap: reason=unstable_if action=reinterpret pc=0x00000190147df8d4 method=java.lang.Integer.stringSize(I)I @ 3 c2
Event: 18.190 Thread 0x000001904488d890 DEOPT PACKING pc=0x00000190147df8d4 sp=0x0000005958ffda70
Event: 18.190 Thread 0x000001904488d890 DEOPT UNPACKING pc=0x0000019013fb46a2 sp=0x0000005958ffd968 mode 2
Event: 18.191 Thread 0x000001904488d890 Uncommon trap: trap_request=0xffffff45 fr.pc=0x000001901455f764 relative=0x0000000000000224
Event: 18.191 Thread 0x000001904488d890 Uncommon trap: reason=unstable_if action=reinterpret pc=0x000001901455f764 method=java.lang.Integer.getChars(II[B)I @ 4 c2
Event: 18.191 Thread 0x000001904488d890 DEOPT PACKING pc=0x000001901455f764 sp=0x0000005958ffd9c0
Event: 18.191 Thread 0x000001904488d890 DEOPT UNPACKING pc=0x0000019013fb46a2 sp=0x0000005958ffd950 mode 2
Event: 18.201 Thread 0x000001904488d890 Uncommon trap: trap_request=0xffffffc6 fr.pc=0x00000190149a39a8 relative=0x0000000000000088
Event: 18.201 Thread 0x000001904488d890 Uncommon trap: reason=bimorphic_or_optimized_type_check action=maybe_recompile pc=0x00000190149a39a8 method=java.util.Collections$UnmodifiableCollection.size()I @ 4 c2
Event: 18.201 Thread 0x000001904488d890 DEOPT PACKING pc=0x00000190149a39a8 sp=0x0000005958ffcf50
Event: 18.201 Thread 0x000001904488d890 DEOPT UNPACKING pc=0x0000019013fb46a2 sp=0x0000005958ffced8 mode 2
Event: 18.202 Thread 0x000001904488d890 Uncommon trap: trap_request=0xffffff45 fr.pc=0x00000190149838ac relative=0x000000000000008c
Event: 18.202 Thread 0x000001904488d890 Uncommon trap: reason=unstable_if action=reinterpret pc=0x00000190149838ac method=org.gradle.internal.logging.slf4j.OutputEventListenerBackedLogger.isLevelAtMost(Lorg/gradle/api/logging/LogLevel;)Z @ 11 c2
Event: 18.202 Thread 0x000001904488d890 DEOPT PACKING pc=0x00000190149838ac sp=0x0000005958ffdc10
Event: 18.202 Thread 0x000001904488d890 DEOPT UNPACKING pc=0x0000019013fb46a2 sp=0x0000005958ffdbb0 mode 2

Classes loaded (20 events):
Event: 16.086 Loading class java/lang/IllegalThreadStateException
Event: 16.086 Loading class java/lang/IllegalThreadStateException done
Event: 16.106 Loading class sun/nio/cs/StringUTF16
Event: 16.106 Loading class sun/nio/cs/StringUTF16 done
Event: 16.121 Loading class java/lang/ProcessBuilder$NullInputStream
Event: 16.121 Loading class java/lang/ProcessBuilder$NullInputStream done
Event: 16.121 Loading class java/util/concurrent/Semaphore$NonfairSync
Event: 16.121 Loading class java/util/concurrent/Semaphore$Sync
Event: 16.121 Loading class java/util/concurrent/Semaphore$Sync done
Event: 16.121 Loading class java/util/concurrent/Semaphore$NonfairSync done
Event: 18.200 Loading class java/io/PrintWriter$1
Event: 18.201 Loading class jdk/internal/access/JavaIOPrintWriterAccess
Event: 18.201 Loading class jdk/internal/access/JavaIOPrintWriterAccess done
Event: 18.201 Loading class java/io/PrintWriter$1 done
Event: 18.201 Loading class java/lang/Throwable$WrappedPrintWriter
Event: 18.201 Loading class java/lang/Throwable$PrintStreamOrWriter
Event: 18.201 Loading class java/lang/Throwable$PrintStreamOrWriter done
Event: 18.201 Loading class java/lang/Throwable$WrappedPrintWriter done
Event: 18.201 Loading class java/lang/StackTraceElement$HashedModules
Event: 18.201 Loading class java/lang/StackTraceElement$HashedModules done

Classes unloaded (0 events):
No events

Classes redefined (0 events):
No events

Internal exceptions (20 events):
Event: 14.712 Thread 0x0000019040935a80 Exception <a 'java/lang/NoSuchMethodError'{0x00000000a7084110}: 'java.lang.Object java.lang.invoke.DirectMethodHandle$Holder.newInvokeSpecial(java.lang.Object, java.lang.Object, java.lang.Object, java.lang.Object, java.lang.Object, java.lang.Object, int)'> (0x00000000a7084110) 
thrown [s\open\src\hotspot\share\interpreter\linkResolver.cpp, line 773]
Event: 14.713 Thread 0x0000019040935a80 Exception <a 'java/lang/NoSuchMethodError'{0x00000000a7089380}: 'java.lang.Object java.lang.invoke.DirectMethodHandle$Holder.invokeSpecial(java.lang.Object, java.lang.Object, java.lang.Object, java.lang.Object, java.lang.Object, java.lang.Object, java.lang.Object, int)'> (0x00000000a7089380) 
thrown [s\open\src\hotspot\share\interpreter\linkResolver.cpp, line 773]
Event: 14.713 Thread 0x0000019040935a80 Exception <a 'java/lang/NoSuchMethodError'{0x00000000a708e220}: 'java.lang.Object java.lang.invoke.Invokers$Holder.linkToTargetMethod(java.lang.Object, java.lang.Object, java.lang.Object, java.lang.Object, java.lang.Object, int, java.lang.Object)'> (0x00000000a708e220) 
thrown [s\open\src\hotspot\share\interpreter\linkResolver.cpp, line 773]
Event: 14.883 Thread 0x000001904179d350 Implicit null exception at 0x00000190147059ef to 0x0000019014705a98
Event: 14.940 Thread 0x000001904179d350 Exception <a 'java/lang/NoSuchMethodError'{0x00000000a66a24a8}: 'java.lang.Object java.lang.invoke.DirectMethodHandle$Holder.invokeVirtual(java.lang.Object, java.lang.Object, java.lang.Object, java.lang.Object, java.lang.Object, java.lang.Object, java.lang.Object, java.lang.Object, java.lang.Object, java.lang.Object, java.lang.Object, java.lang.Object, java.lang.Object, java.lang.Object, java.lang.Object, java.lang.Object, java.lang.Object, java.lang.Object, java.lang.Object)'> (0x00000000a66a24a8) 
thrown
Event: 15.026 Thread 0x000001904179d350 Exception <a 'java/lang/NoSuchMethodError'{0x00000000a64842b8}: 'void java.lang.invoke.DirectMethodHandle$Holder.invokeVirtual(java.lang.Object, java.lang.Object)'> (0x00000000a64842b8) 
thrown [s\open\src\hotspot\share\interpreter\linkResolver.cpp, line 773]
Event: 15.065 Thread 0x000001904179d350 Exception <a 'java/lang/NoSuchMethodError'{0x00000000a63b7548}: 'void java.lang.invoke.DirectMethodHandle$Holder.invokeSpecial(java.lang.Object, java.lang.Object, java.lang.Object, java.lang.Object, int, java.lang.Object, java.lang.Object)'> (0x00000000a63b7548) 
thrown [s\open\src\hotspot\share\interpreter\linkResolver.cpp, line 773]
Event: 15.126 Thread 0x000001904179d350 Exception <a 'java/lang/NoSuchMethodError'{0x00000000a616a2f8}: 'int java.lang.invoke.DirectMethodHandle$Holder.invokeSpecial(java.lang.Object, java.lang.Object, java.lang.Object, java.lang.Object, java.lang.Object)'> (0x00000000a616a2f8) 
thrown [s\open\src\hotspot\share\interpreter\linkResolver.cpp, line 773]
Event: 15.146 Thread 0x000001904179d350 Exception <a 'java/lang/IncompatibleClassChangeError'{0x00000000a61dbec0}: Found class java.lang.Object, but interface was expected> (0x00000000a61dbec0) 
thrown [s\open\src\hotspot\share\interpreter\linkResolver.cpp, line 840]
Event: 15.343 Thread 0x000001904179d350 Exception <a 'java/lang/NoSuchMethodError'{0x00000000a5a39a50}: 'int java.lang.invoke.DirectMethodHandle$Holder.invokeStaticInit(java.lang.Object, java.lang.Object, java.lang.Object, java.lang.Object, java.lang.Object)'> (0x00000000a5a39a50) 
thrown [s\open\src\hotspot\share\interpreter\linkResolver.cpp, line 773]
Event: 15.374 Thread 0x000001904179d350 Exception <a 'java/lang/NoSuchMethodError'{0x00000000a59e60f0}: 'int java.lang.invoke.DelegatingMethodHandle$Holder.reinvoke_L(java.lang.Object, java.lang.Object, java.lang.Object, int, java.lang.Object, java.lang.Object)'> (0x00000000a59e60f0) 
thrown [s\open\src\hotspot\share\interpreter\linkResolver.cpp, line 773]
Event: 15.532 Thread 0x000001904179d350 Exception <a 'java/lang/NoSuchMethodError'{0x00000000a887f1f8}: method resolution failed> (0x00000000a887f1f8) 
thrown [s\open\src\hotspot\share\prims\methodHandles.cpp, line 1136]
Event: 15.890 Thread 0x000001904179d350 Exception <a 'java/lang/NoSuchMethodError'{0x00000000a794dff0}: 'void java.lang.invoke.DelegatingMethodHandle$Holder.reinvoke_L(java.lang.Object, java.lang.Object, int)'> (0x00000000a794dff0) 
thrown [s\open\src\hotspot\share\interpreter\linkResolver.cpp, line 773]
Event: 15.915 Thread 0x000001904179d350 Exception <a 'java/lang/NoSuchMethodError'{0x00000000a78cc050}: static [Ljava/lang/String;.<clinit>()V> (0x00000000a78cc050) 
thrown [s\open\src\hotspot\share\prims\jni.cpp, line 1111]
Event: 15.923 Thread 0x000001904179d350 Exception <a 'java/lang/NoSuchMethodError'{0x00000000a772f228}: static Lorg/jetbrains/kotlin/incremental/ChangedFiles$Unknown;.<clinit>()V> (0x00000000a772f228) 
thrown [s\open\src\hotspot\share\prims\jni.cpp, line 1111]
Event: 15.926 Thread 0x000001904179d350 Exception <a 'java/lang/NoSuchMethodError'{0x00000000a77677c8}: static Lorg/jetbrains/kotlin/incremental/ClasspathChanges$ClasspathSnapshotEnabled$NotAvailableForNonIncrementalRun;.<clinit>()V> (0x00000000a77677c8) 
thrown [s\open\src\hotspot\share\prims\jni.cpp, line 1111]
Event: 15.926 Thread 0x000001904179d350 Exception <a 'java/lang/NoSuchMethodError'{0x00000000a7769a78}: static Lorg/jetbrains/kotlin/incremental/ClasspathChanges$ClasspathSnapshotEnabled;.<clinit>()V> (0x00000000a7769a78) 
thrown [s\open\src\hotspot\share\prims\jni.cpp, line 1111]
Event: 15.926 Thread 0x000001904179d350 Exception <a 'java/lang/NoSuchMethodError'{0x00000000a776bb78}: static Lorg/jetbrains/kotlin/incremental/ClasspathChanges;.<clinit>()V> (0x00000000a776bb78) 
thrown [s\open\src\hotspot\share\prims\jni.cpp, line 1111]
Event: 16.125 Thread 0x000001904488d200 Implicit null exception at 0x000001901486930b to 0x00000190148693dc
Event: 16.125 Thread 0x000001904488d200 Implicit null exception at 0x00000190147f1f6e to 0x00000190147f268c

ZGC Phase Switch (0 events):
No events

VM Operations (20 events):
Event: 15.044 Executing VM operation: HandshakeAllThreads (Deoptimize)
Event: 15.045 Executing VM operation: HandshakeAllThreads (Deoptimize) done
Event: 15.057 Executing VM operation: HandshakeAllThreads (Deoptimize)
Event: 15.057 Executing VM operation: HandshakeAllThreads (Deoptimize) done
Event: 15.076 Executing VM operation: HandshakeAllThreads (Deoptimize)
Event: 15.076 Executing VM operation: HandshakeAllThreads (Deoptimize) done
Event: 15.123 Executing VM operation: HandshakeAllThreads (Deoptimize)
Event: 15.123 Executing VM operation: HandshakeAllThreads (Deoptimize) done
Event: 15.137 Executing VM operation: ICBufferFull
Event: 15.138 Executing VM operation: ICBufferFull done
Event: 15.410 Executing VM operation: G1CollectForAllocation (G1 Evacuation Pause)
Event: 15.418 Executing VM operation: G1CollectForAllocation (G1 Evacuation Pause) done
Event: 15.941 Executing VM operation: ICBufferFull
Event: 15.941 Executing VM operation: ICBufferFull done
Event: 16.027 Executing VM operation: HandshakeAllThreads (Deoptimize)
Event: 16.028 Executing VM operation: HandshakeAllThreads (Deoptimize) done
Event: 17.020 Executing VM operation: Cleanup
Event: 17.021 Executing VM operation: Cleanup done
Event: 18.026 Executing VM operation: Cleanup
Event: 18.026 Executing VM operation: Cleanup done

Events (20 events):
Event: 14.890 Thread 0x000001904179e700 Thread added: 0x000001904179e700
Event: 14.930 Thread 0x000001904179f420 Thread added: 0x000001904179f420
Event: 15.177 Thread 0x000001904179fab0 Thread added: 0x000001904179fab0
Event: 15.177 Thread 0x00000190417a0140 Thread added: 0x00000190417a0140
Event: 15.188 Thread 0x00000190417a07d0 Thread added: 0x00000190417a07d0
Event: 15.188 Thread 0x000001904488ec40 Thread added: 0x000001904488ec40
Event: 15.189 Thread 0x000001904488aaa0 Thread added: 0x000001904488aaa0
Event: 15.267 Thread 0x000001904488be50 Thread added: 0x000001904488be50
Event: 15.267 Thread 0x000001904488fff0 Thread added: 0x000001904488fff0
Event: 15.267 Thread 0x000001904488f2d0 Thread added: 0x000001904488f2d0
Event: 15.303 Thread 0x000001904488c4e0 Thread added: 0x000001904488c4e0
Event: 15.303 Thread 0x000001904488a410 Thread added: 0x000001904488a410
Event: 15.303 Thread 0x000001904488f960 Thread added: 0x000001904488f960
Event: 15.938 Thread 0x000001904488d890 Thread added: 0x000001904488d890
Event: 16.123 Thread 0x000001904488d200 Thread added: 0x000001904488d200
Event: 17.724 Thread 0x000001903f260850 Thread exited: 0x000001903f260850
Event: 17.724 Thread 0x000001904488d200 Thread exited: 0x000001904488d200
Event: 18.156 Thread 0x0000019044889d80 Thread added: 0x0000019044889d80
Event: 18.190 Thread 0x0000019044889d80 Thread exited: 0x0000019044889d80
Event: 18.204 Thread 0x000001903f260850 Thread added: 0x000001903f260850


Dynamic libraries:
0x00007ff728600000 - 0x00007ff728610000 	C:\Program Files\Java\jdk-21\bin\java.exe
0x00007ffa83f60000 - 0x00007ffa84169000 	C:\Windows\SYSTEM32\ntdll.dll
0x00007ffa81eb0000 - 0x00007ffa81f6d000 	C:\Windows\System32\KERNEL32.DLL
0x00007ffa81620000 - 0x00007ffa819a4000 	C:\Windows\System32\KERNELBASE.dll
0x00007ffa81500000 - 0x00007ffa81611000 	C:\Windows\System32\ucrtbase.dll
0x00007ffa7db70000 - 0x00007ffa7db8b000 	C:\Program Files\Java\jdk-21\bin\VCRUNTIME140.dll
0x00007ffa7db90000 - 0x00007ffa7dba9000 	C:\Program Files\Java\jdk-21\bin\jli.dll
0x00007ffa83360000 - 0x00007ffa8340e000 	C:\Windows\System32\ADVAPI32.dll
0x00007ffa82580000 - 0x00007ffa82623000 	C:\Windows\System32\msvcrt.dll
0x00007ffa82640000 - 0x00007ffa826de000 	C:\Windows\System32\sechost.dll
0x00007ffa82450000 - 0x00007ffa82571000 	C:\Windows\System32\RPCRT4.dll
0x00007ffa820b0000 - 0x00007ffa8225d000 	C:\Windows\System32\USER32.dll
0x00007ffa69e20000 - 0x00007ffa6a0c5000 	C:\Windows\WinSxS\amd64_microsoft.windows.common-controls_6595b64144ccf1df_6.0.22000.120_none_9d947278b86cc467\COMCTL32.dll
0x00007ffa81ad0000 - 0x00007ffa81af6000 	C:\Windows\System32\win32u.dll
0x00007ffa82260000 - 0x00007ffa8228a000 	C:\Windows\System32\GDI32.dll
0x00007ffa819b0000 - 0x00007ffa81ace000 	C:\Windows\System32\gdi32full.dll
0x00007ffa81460000 - 0x00007ffa814fd000 	C:\Windows\System32\msvcp_win.dll
0x00007ffa7a230000 - 0x00007ffa7a23a000 	C:\Windows\SYSTEM32\VERSION.dll
0x00007ffa82070000 - 0x00007ffa820a1000 	C:\Windows\System32\IMM32.DLL
0x00007ffa7db40000 - 0x00007ffa7db4c000 	C:\Program Files\Java\jdk-21\bin\vcruntime140_1.dll
0x00007ffa691c0000 - 0x00007ffa6924e000 	C:\Program Files\Java\jdk-21\bin\msvcp140.dll
0x00007ffa34060000 - 0x00007ffa34d7d000 	C:\Program Files\Java\jdk-21\bin\server\jvm.dll
0x00007ffa83890000 - 0x00007ffa838ff000 	C:\Windows\System32\WS2_32.dll
0x00007ffa7fd10000 - 0x00007ffa7fd5d000 	C:\Windows\SYSTEM32\POWRPROF.dll
0x00007ffa7aee0000 - 0x00007ffa7af13000 	C:\Windows\SYSTEM32\WINMM.dll
0x00007ffa7fe00000 - 0x00007ffa7fe13000 	C:\Windows\SYSTEM32\UMPDC.dll
0x00007ffa80510000 - 0x00007ffa80528000 	C:\Windows\SYSTEM32\kernel.appcore.dll
0x00007ffa7db30000 - 0x00007ffa7db3a000 	C:\Program Files\Java\jdk-21\bin\jimage.dll
0x00007ffa6a6f0000 - 0x00007ffa6a911000 	C:\Windows\SYSTEM32\DBGHELP.DLL
0x00007ffa70420000 - 0x00007ffa70451000 	C:\Windows\SYSTEM32\dbgcore.DLL
0x00007ffa81bc0000 - 0x00007ffa81c3f000 	C:\Windows\System32\bcryptPrimitives.dll
0x00007ffa78990000 - 0x00007ffa7899f000 	C:\Program Files\Java\jdk-21\bin\instrument.dll
0x00007ffa7db10000 - 0x00007ffa7db2f000 	C:\Program Files\Java\jdk-21\bin\java.dll
0x00007ffa829a0000 - 0x00007ffa83165000 	C:\Windows\System32\SHELL32.dll
0x00007ffa7f490000 - 0x00007ffa7fcf2000 	C:\Windows\SYSTEM32\windows.storage.dll
0x00007ffa83920000 - 0x00007ffa83c96000 	C:\Windows\System32\combase.dll
0x00007ffa7f320000 - 0x00007ffa7f487000 	C:\Windows\SYSTEM32\wintypes.dll
0x00007ffa81f80000 - 0x00007ffa8206a000 	C:\Windows\System32\SHCORE.dll
0x00007ffa83300000 - 0x00007ffa8335d000 	C:\Windows\System32\shlwapi.dll
0x00007ffa81320000 - 0x00007ffa81345000 	C:\Windows\SYSTEM32\profapi.dll
0x00007ffa67740000 - 0x00007ffa67817000 	C:\Program Files\Java\jdk-21\bin\jsvml.dll
0x00007ffa7b670000 - 0x00007ffa7b688000 	C:\Program Files\Java\jdk-21\bin\zip.dll
0x00007ffa7db00000 - 0x00007ffa7db10000 	C:\Program Files\Java\jdk-21\bin\net.dll
0x00007ffa7b4b0000 - 0x00007ffa7b5c4000 	C:\Windows\SYSTEM32\WINHTTP.dll
0x00007ffa809b0000 - 0x00007ffa80a17000 	C:\Windows\system32\mswsock.dll
0x00007ffa7d150000 - 0x00007ffa7d166000 	C:\Program Files\Java\jdk-21\bin\nio.dll
0x00007ffa7c960000 - 0x00007ffa7c970000 	C:\Program Files\Java\jdk-21\bin\verify.dll
0x00007ffa69190000 - 0x00007ffa691b7000 	C:\GradleCache\native\c067742578af261105cb4f569cf0c3c89f3d7b1fecec35dd04571415982c5e48\windows-amd64\native-platform.dll
0x00007ffa52440000 - 0x00007ffa52584000 	C:\GradleCache\native\100fb08df4bc3b14c8652ba06237920a3bd2aa13389f12d3474272988ae205f9\windows-amd64\native-platform-file-events.dll
0x00007ffa7b660000 - 0x00007ffa7b66a000 	C:\Program Files\Java\jdk-21\bin\management.dll
0x00007ffa789a0000 - 0x00007ffa789ab000 	C:\Program Files\Java\jdk-21\bin\management_ext.dll
0x00007ffa81f70000 - 0x00007ffa81f78000 	C:\Windows\System32\PSAPI.DLL
0x00007ffa80c80000 - 0x00007ffa80c98000 	C:\Windows\SYSTEM32\CRYPTSP.dll
0x00007ffa80470000 - 0x00007ffa804a5000 	C:\Windows\system32\rsaenh.dll
0x00007ffa80a50000 - 0x00007ffa80a7c000 	C:\Windows\SYSTEM32\USERENV.dll
0x00007ffa80dc0000 - 0x00007ffa80de7000 	C:\Windows\SYSTEM32\bcrypt.dll
0x00007ffa80ba0000 - 0x00007ffa80bac000 	C:\Windows\SYSTEM32\CRYPTBASE.dll
0x00007ffa80070000 - 0x00007ffa8009d000 	C:\Windows\SYSTEM32\IPHLPAPI.DLL
0x00007ffa826e0000 - 0x00007ffa826e9000 	C:\Windows\System32\NSI.dll
0x00007ffa761c0000 - 0x00007ffa761c9000 	C:\Program Files\Java\jdk-21\bin\extnet.dll
0x00007ffa75cb0000 - 0x00007ffa75cbe000 	C:\Program Files\Java\jdk-21\bin\sunmscapi.dll
0x00007ffa81c40000 - 0x00007ffa81da2000 	C:\Windows\System32\CRYPT32.dll
0x00007ffa80d90000 - 0x00007ffa80db8000 	C:\Windows\SYSTEM32\ncrypt.dll
0x00007ffa80d50000 - 0x00007ffa80d87000 	C:\Windows\SYSTEM32\NTASN1.dll
0x00007ffa75ca0000 - 0x00007ffa75ca8000 	C:\Windows\system32\wshunix.dll
0x00007ffa0bb90000 - 0x00007ffa0bba7000 	C:\Windows\system32\napinsp.dll
0x00007ffa0c200000 - 0x00007ffa0c21b000 	C:\Windows\system32\pnrpnsp.dll
0x00007ffa800a0000 - 0x00007ffa80187000 	C:\Windows\SYSTEM32\DNSAPI.dll
0x00007ffa0c390000 - 0x00007ffa0c3a2000 	C:\Windows\System32\winrnr.dll
0x00007ffa782f0000 - 0x00007ffa78305000 	C:\Windows\system32\wshbth.dll
0x00007ffa126f0000 - 0x00007ffa1270f000 	C:\Windows\system32\nlansp_c.dll
0x0000000067a00000 - 0x0000000067a26000 	C:\Program Files\Bonjour\mdnsNSP.dll
0x00007ffa74de0000 - 0x00007ffa74dea000 	C:\Windows\System32\rasadhlp.dll
0x00007ffa781f0000 - 0x00007ffa78271000 	C:\Windows\System32\fwpuclnt.dll
0x00007ffa67720000 - 0x00007ffa6773e000 	C:\Users\\AppData\Local\Temp\native-platform6195085155388955524dir\native-platform.dll

dbghelp: loaded successfully - version: 4.0.5 - missing functions: none
symbol engine: initialized successfully - sym options: 0x614 - pdb path: .;C:\Program Files\Java\jdk-21\bin;C:\Windows\SYSTEM32;C:\Windows\WinSxS\amd64_microsoft.windows.common-controls_6595b64144ccf1df_6.0.22000.120_none_9d947278b86cc467;C:\Program Files\Java\jdk-21\bin\server;C:\GradleCache\native\c067742578af261105cb4f569cf0c3c89f3d7b1fecec35dd04571415982c5e48\windows-amd64;C:\GradleCache\native\100fb08df4bc3b14c8652ba06237920a3bd2aa13389f12d3474272988ae205f9\windows-amd64;C:\Program Files\Bonjour;C:\Users\\AppData\Local\Temp\native-platform6195085155388955524dir

VM Arguments:
jvm_args: -XX:MaxMetaspaceSize=512m --add-opens=java.base/java.util=ALL-UNNAMED --add-opens=java.base/java.lang=ALL-UNNAMED --add-opens=java.base/java.lang.invoke=ALL-UNNAMED --add-opens=java.prefs/java.util.prefs=ALL-UNNAMED --add-opens=java.base/java.nio.charset=ALL-UNNAMED --add-opens=java.base/java.net=ALL-UNNAMED --add-opens=java.base/java.util.concurrent.atomic=ALL-UNNAMED -Xmx1536m -Dfile.encoding=UTF-8 -Duser.country=YE -Duser.language=ar -Duser.variant -javaagent:C:\GradleCache\wrapper\dists\gradle-8.8-all\6gdy1pgp427xkqcjbxw3ylt6h\gradle-8.8\lib\agents\gradle-instrumentation-agent-8.8.jar 
java_command: org.gradle.launcher.daemon.bootstrap.GradleDaemon 8.8
java_class_path (initial): C:\GradleCache\wrapper\dists\gradle-8.8-all\6gdy1pgp427xkqcjbxw3ylt6h\gradle-8.8\lib\gradle-launcher-8.8.jar
Launcher Type: SUN_STANDARD

[Global flags]
     intx CICompilerCount                          = 3                                         {product} {ergonomic}
   size_t CompressedClassSpaceSize                 = 436207616                                 {product} {ergonomic}
     uint ConcGCThreads                            = 1                                         {product} {ergonomic}
     uint G1ConcRefinementThreads                  = 4                                         {product} {ergonomic}
   size_t G1HeapRegionSize                         = 1048576                                   {product} {ergonomic}
    uintx GCDrainStackTargetSize                   = 64                                        {product} {ergonomic}
   size_t InitialHeapSize                          = 132120576                                 {product} {ergonomic}
   size_t MarkStackSize                            = 4194304                                   {product} {ergonomic}
   size_t MaxHeapSize                              = 1610612736                                {product} {command line}
   size_t MaxMetaspaceSize                         = 536870912                                 {product} {command line}
   size_t MaxNewSize                               = 965738496                                 {product} {ergonomic}
   size_t MinHeapDeltaBytes                        = 1048576                                   {product} {ergonomic}
   size_t MinHeapSize                              = 8388608                                   {product} {ergonomic}
    uintx NonNMethodCodeHeapSize                   = 5832780                                {pd product} {ergonomic}
    uintx NonProfiledCodeHeapSize                  = 122912730                              {pd product} {ergonomic}
    uintx ProfiledCodeHeapSize                     = 122912730                              {pd product} {ergonomic}
    uintx ReservedCodeCacheSize                    = 251658240                              {pd product} {ergonomic}
     bool SegmentedCodeCache                       = true                                      {product} {ergonomic}
   size_t SoftMaxHeapSize                          = 1610612736                             {manageable} {ergonomic}
     bool UseCompressedOops                        = true                           {product lp64_product} {ergonomic}
     bool UseG1GC                                  = true                                      {product} {ergonomic}
     bool UseLargePagesIndividualAllocation        = false                                  {pd product} {ergonomic}

Logging:
Log output configuration:
 #0: stdout all=warning uptime,level,tags foldmultilines=false
 #1: stderr all=off uptime,level,tags foldmultilines=false

Environment Variables:
JAVA_HOME=C:\Program Files\Java\jdk-21
CLASSPATH=C:\Users\\Downloads\school-crm (1)\mobile-teacher\android\\gradle\wrapper\gradle-wrapper.jar
PATH=c:\\Users\\\\.trae\\sdks\\workspaces\\033bf486\\versions\\node\\current;c:\\Users\\\\.trae\\sdks\\versions\\node\\current;c:\Users\\.trae\sdks\workspaces\033bf486\versions\node\current;c:\Users\\.trae\sdks\versions\node\current;c:\Users\\AppData\Local\Programs\cursor\resources\app\bin;C:\Program Files\Common Files\Oracle\Java\javapath;C:\Program Files\Eclipse Adoptium\jdk-17.0.16.8-hotspot\bin;C:\Python314\Scripts\;C:\Python314\;C:\Program Files\Python310\Scripts\;C:\Program Files\Python310\;C:\python313\Scripts\;C:\python313\;C:\Windows\system32;C:\Windows;C:\Windows\System32\Wbem;C:\Windows\System32\WindowsPowerShell\v1.0\;C:\Windows\System32\OpenSSH\;C:\xampp\php;C:\Program Files\PuTTY\;C:\terraform;C:\Program Files\Amazon\AWSCLIV2\;C:\Program Files (x86)\Google\Cloud SDK\google-cloud-sdk\bin;C:\python313;C:\python313\Scripts;C:\Program Files\Git\cmd;C:\src\flutter\bin;C:\Users\\Downloads\node-v24.11.0-win-x64;C:\ProgramData\chocolatey\bin;C:\Program Files\Docker\Docker\resources\bin;C:\Program Files\PostgreSQL\18\bin;C:\Program Files (x86)\Microsoft Visual Studio\2019\BuildTools\MSBuild\Current\Bin;C:\Program Files\nodejs;C:\Program Files\nodejs\;C:\Users\\AppData\Local\Android\Sdk\platform-tools;C:\Program Files\Java\jdk-21\;c:\Users\\AppData\Local\Programs\Trae\bin;C:\Users\\scoop\shims;C:\Users\\AppData\Local\pnpm;C:\Users\\AppData\Local\Microsoft\WindowsApps;C:\Users\?\AppData\Local\Programs\Microsoft VS Code\bin;C:\Users\?\AppData\Local\Programs\cursor\resources\app\bin;C:\Users\?\AppData\Roaming\npm;C:\src\flutter\bin;C:\src\dart-sdk\bin;C:\Users\\AppData\Roaming\npm;C:\Users\\AppData\Local\Programs\Microsoft VS Code\bin;C:\Users\\AppData\Local\GitHubDesktop\bin;C:\Users\\AppData\Local\Programs\cursor\resources\app\bin
USERNAME=
LANG=en_US.UTF-8
OS=Windows_NT
PROCESSOR_IDENTIFIER=Intel64 Family 6 Model 142 Stepping 9, GenuineIntel
TMP=C:\Users\48FB~1\AppData\Local\Temp
TEMP=C:\Users\48FB~1\AppData\Local\Temp




Periodic native trim disabled

---------------  S Y S T E M  ---------------

OS:
 Windows 11 , 64 bit Build 22000 (10.0.22000.2538)
OS uptime: 0 days 1:36 hours
Hyper-V role detected

CPU: total 4 (initial active 4) (2 cores per cpu, 2 threads per core) family 6 model 142 stepping 9 microcode 0xde, cx8, cmov, fxsr, ht, mmx, 3dnowpref, sse, sse2, sse3, ssse3, sse4.1, sse4.2, popcnt, lzcnt, tsc, tscinvbit, avx, avx2, aes, erms, clmul, bmi1, bmi2, rtm, adx, fma, vzeroupper, clflush, clflushopt, hv, rdtscp, f16c
Processor Information for all 4 processors :
  Max Mhz: 2712, Current Mhz: 2611, Mhz Limit: 2603

Memory: 4k page, system-wide physical 7994M (722M free)
TotalPageFile size 10042M (AvailPageFile size 2M)
current process WorkingSet (physical memory assigned to process): 368M, peak: 382M
current process commit charge ("private bytes"): 400M, peak: 417M

vm_info: Java HotSpot(TM) 64-Bit Server VM (21.0.9+7-LTS-338) for windows-amd64 JRE (21.0.9+7-LTS-338), built on 2025-09-26T06:33:49Z by "mach5run" with MS VC++ 17.6 (VS2022)

END.
